IQ-TREE multicore version 2.0.3 for Linux 64-bit built Dec 20 2020
Developed by Bui Quang Minh, Nguyen Lam Tung, Olga Chernomor,
Heiko Schmidt, Dominik Schrempf, Michael Woodhams.

Host:    essel-Standard (AVX2, FMA3, 31 GB RAM)
Command: iqtree -s Example_designation/Alignment/Example_designation_combined_aligned.fasta -B 1000
Seed:    347598 (Using SPRNG - Scalable Parallel Random Number Generator)
Time:    Thu May 26 15:04:47 2022
Kernel:  AVX+FMA - 1 threads (16 CPU cores detected)

HINT: Use -nt option to specify number of threads because your CPU has 16 cores!
HINT: -nt AUTO will automatically determine the best number of threads to use.

Reading alignment file Example_designation/Alignment/Example_designation_combined_aligned.fasta ... Fasta format detected
Alignment most likely contains DNA/RNA sequences
Alignment has 561 sequences with 11923 columns, 1528 distinct patterns
1195 parsimony-informative, 553 singleton sites, 10175 constant sites
          Gap/Ambiguity  Composition  p-value
   1  AY854593   88.65%    passed     81.03%
   2  DQ875051   88.65%    passed     47.19%
   3  EF542830   88.65%    passed     59.37%
   4  FJ228543   88.68%    passed     96.43%
   5  FJ228544   88.68%    passed     92.97%
   6  FJ228545   88.68%    passed     95.62%
   7  GQ412744   88.65%    passed     44.35%
   8  JN234411   88.65%    passed     40.36%
   9  KJ957431   88.65%    passed     85.98%
  10  KJ957432   88.65%    passed     86.18%
  11  KJ957433   88.65%    passed     88.68%
  12  KJ957434   88.65%    passed     90.00%
  13  KJ957435   88.65%    passed     87.66%
  14  KJ957436   88.65%    passed     86.18%
  15  KJ957437   88.65%    passed     91.04%
  16  KJ957438   88.65%    passed     91.04%
  17  KJ957439   88.65%    passed     86.18%
  18  KJ957440   88.65%    passed     86.18%
  19  KJ957441   88.65%    passed     82.36%
  20  KJ957442   88.65%    passed     91.76%
  21  KJ957444   88.65%    passed     91.76%
  22  KJ957445   88.65%    passed     91.00%
  23  KJ957446   88.65%    passed     89.96%
  24  KJ957447   88.65%    passed     91.76%
  25  KJ957448   88.65%    passed     90.00%
  26  KJ957449   88.65%    passed     90.68%
  27  KJ957450   88.65%    passed     91.45%
  28  KJ957451   88.65%    passed     88.64%
  29  KJ957452   88.65%    passed     91.76%
  30  KM067274   88.65%    passed     91.00%
  31  KM198893   88.65%    passed     54.98%
  32  KU938829   88.68%    passed     35.89%
  33  MG458319   88.65%    passed     91.04%
  34  MK956097   88.68%    passed     59.35%
  35  KX148201   88.65%    passed     85.09%
  36  KX148202   88.65%    passed     55.86%
  37  LT909546   88.65%    passed     47.85%
  38  AB284509   88.65%    passed     69.85%
  39  AB284510   88.65%    passed     69.85%
  40  AB284511   88.65%    passed     69.01%
  41  AB284512   88.65%    passed     66.18%
  42  AB284513   88.65%    passed     63.42%
  43  AB284514   88.65%    passed     66.18%
  44  AB284515   88.65%    passed     72.17%
  45  AB284516   88.65%    passed     60.92%
  46  AB285215   88.65%    passed     69.85%
  47  DQ900547   88.73%    passed     51.18%
  48  DQ900548   89.03%    passed     59.08%
  49  DQ900549   88.75%    passed     59.38%
  50  DQ900550   88.80%    passed     67.52%
  51  DQ900552   88.75%    passed     47.52%
  52  DQ900553   89.03%    passed     67.54%
  53  DQ900554   88.68%    passed     68.19%
  54  DQ900555   88.80%    passed     71.32%
  55  DQ900556   88.68%    passed     51.54%
  56  DQ900557   89.03%    passed     73.49%
  57  DQ900558   88.73%    passed     57.93%
  58  DQ900559   88.68%    passed     53.51%
  59  DQ900560   88.89%    passed     51.42%
  60  DQ900561   88.83%    passed     59.85%
  61  DQ900563   88.85%    passed     53.30%
  62  DQ900564   88.80%    passed     52.39%
  63  DQ900565   88.77%    passed     60.99%
  64  DQ900567   88.75%    passed     64.73%
  65  DQ900568   88.68%    passed     70.76%
  66  DQ900569   88.68%    passed     60.98%
  67  DQ900570   88.68%    passed     66.42%
  68  EU853582   88.65%    passed     64.79%
  69  EU853583   88.65%    passed     56.86%
  70  EU853584   88.65%    passed     64.70%
  71  EU853585   88.65%    passed     64.70%
  72  EU853586   88.65%    passed     62.23%
  73  EU853587   88.65%    passed     50.40%
  74  EU853588   88.65%    passed     50.40%
  75  EU853589   88.65%    passed     50.40%
  76  EU853590   88.65%    passed     48.35%
  77  HM179504   88.65%    passed     36.01%
  78  HM179505   88.65%    passed     55.34%
  79  HM179506   88.65%    passed     60.39%
  80  HM179507   88.65%    passed     48.35%
  81  HM179508   88.65%    passed     55.41%
  82  JX473838   88.65%    passed     53.80%
  83  JX473839   88.65%    passed     49.47%
  84  JX473840   88.65%    passed     45.89%
  85  JX473841   88.65%    passed     41.47%
  86  KF155002   88.65%    passed     70.72%
  87  KR534217   88.65%    passed     61.88%
  88  KR534218   88.65%    passed     57.54%
  89  KR534219   88.65%    passed     41.00%
  90  KR534220   88.65%    passed     57.54%
  91  KR534228   88.65%    passed     43.66%
  92  KR534229   88.65%    passed     66.61%
  93  KR534231   88.65%    passed     43.66%
  94  KR534232   88.65%    passed     68.01%
  95  KR534233   88.65%    passed     59.49%
  96  KR534234   88.65%    passed     43.66%
  97  KR534235   88.65%    passed     66.71%
  98  KR534236   88.65%    passed     66.71%
  99  KR534237   88.65%    passed     66.71%
 100  KR534238   88.65%    passed     40.44%
 101  KR534244   88.65%    passed     63.80%
 102  KR534245   88.65%    passed     63.80%
 103  KR534246   88.65%    passed     63.80%
 104  KR534247   88.65%    passed     63.80%
 105  KR534248   88.65%    passed     63.80%
 106  KR534249   88.65%    passed     63.80%
 107  KR534250   88.65%    passed     66.01%
 108  KR534251   88.65%    passed     42.63%
 109  KR534252   88.65%    passed     47.91%
 110  KR534253   88.65%    passed     60.40%
 111  KR534254   88.65%    passed     63.80%
 112  KR534256   88.65%    passed     66.71%
 113  KR906734   88.65%    passed     41.00%
 114  KR906735   88.65%    passed     69.01%
 115  KR906736   88.65%    passed     67.90%
 116  KR906737   88.66%    passed     55.33%
 117  KR906738   88.65%    passed     63.80%
 118  KR906739   88.65%    passed     50.23%
 119  KR906740   88.65%    passed     73.07%
 120  KR906741   88.65%    passed     59.12%
 121  KR906742   88.65%    passed     73.05%
 122  KR906743   88.65%    passed     43.66%
 123  KR906744   88.65%    passed     47.61%
 124  KR906745   88.65%    passed     64.95%
 125  KR906746   88.65%    passed     47.66%
 126  KR906747   88.65%    passed     52.12%
 127  KR906748   88.65%    passed     35.00%
 128  KR906749   88.65%    passed     56.76%
 129  KR906750   88.65%    passed     73.05%
 130  KR906751   88.65%    passed     51.09%
 131  KR906752   88.65%    passed     35.00%
 132  KR906753   88.65%    passed     59.12%
 133  KR906754   88.65%    passed     73.05%
 134  KR906755   88.65%    passed     63.80%
 135  KR906756   88.65%    passed     68.01%
 136  KR906757   88.65%    passed     51.09%
 137  KR906758   88.83%    passed     67.96%
 138  KR906759   88.65%    passed     41.78%
 139  KR906760   88.65%    passed     59.49%
 140  KR906761   88.68%    passed     60.38%
 141  KR906762   88.65%    passed     72.04%
 142  KR906763   88.65%    passed     68.23%
 143  KR906764   88.65%    passed     69.85%
 144  KR906765   88.65%    passed     69.85%
 145  KR906766   88.65%    passed     69.61%
 146  KR906767   88.65%    passed     64.95%
 147  KR906768   88.65%    passed     73.05%
 148  KR906771   88.65%    passed     63.80%
 149  KR906772   88.65%    passed     59.49%
 150  KR906773   88.65%    passed     61.88%
 151  KR906774   88.65%    passed     42.63%
 152  KR906775   88.73%    passed     52.93%
 153  KR906778   88.65%    passed     61.88%
 154  KR906779   88.66%    passed     45.39%
 155  KR906780   88.65%    passed     61.88%
 156  KR906781   88.65%    passed     59.74%
 157  KR906782   88.65%    passed     63.80%
 158  KR906783   88.67%    passed     63.20%
 159  KR906785   88.65%    passed     40.44%
 160  KR906786   88.68%    passed     62.29%
 161  KR906787   88.65%    passed     63.80%
 162  KR906788   88.65%    passed     66.01%
 163  KR906790   88.65%    passed     58.51%
 164  KR906791   89.07%    passed     69.31%
 165  KR906792   88.65%    passed     67.12%
 166  KT119634   89.41%    passed     77.27%
 167  KT119635   89.41%    passed     79.38%
 168  KT119636   89.41%    passed     79.38%
 169  KT119637   89.41%    passed     79.31%
 170  KT119638   89.41%    passed     79.38%
 171  KT119639   89.41%    passed     79.38%
 172  KT119640   89.41%    passed     79.31%
 173  KT119641   89.41%    passed     79.38%
 174  KT119642   89.41%    passed     79.38%
 175  KT119643   89.41%    passed     79.38%
 176  KT119644   89.41%    passed     79.38%
 177  KT119645   89.41%    passed     79.38%
 178  KT119646   89.41%    passed     79.38%
 179  KT119647   89.41%    passed     69.75%
 180  KT119648   89.41%    passed     76.34%
 181  KT119649   89.41%    passed     76.34%
 182  KT119650   89.41%    passed     74.46%
 183  KT119651   89.41%    passed     79.38%
 184  KT119652   89.41%    passed     69.75%
 185  KT119653   89.41%    passed     79.38%
 186  KT119654   89.41%    passed     79.38%
 187  KT119655   89.41%    passed     79.38%
 188  KT119656   89.41%    passed     79.38%
 189  KT119657   89.41%    passed     79.38%
 190  KT119659   89.41%    passed     69.75%
 191  KT119660   89.41%    passed     67.89%
 192  KT119661   89.41%    passed     69.75%
 193  KT119662   89.41%    passed     69.75%
 194  KT119663   89.41%    passed     69.75%
 195  KT119664   89.41%    passed     79.38%
 196  KT119665   89.41%    passed     69.75%
 197  KT119666   89.41%    passed     69.75%
 198  KT119667   89.41%    passed     67.89%
 199  KT119668   89.41%    passed     69.75%
 200  KT119669   89.41%    passed     69.75%
 201  KT119670   89.41%    passed     71.49%
 202  KT119671   89.41%    passed     69.75%
 203  KT119672   89.41%    passed     69.75%
 204  KT119673   89.41%    passed     69.75%
 205  KT119674   89.41%    passed     69.75%
 206  KT119675   89.41%    passed     69.75%
 207  KT119676   89.41%    passed     69.75%
 208  KT119677   89.41%    passed     69.75%
 209  KT119678   89.41%    passed     69.75%
 210  KT119679   89.41%    passed     69.75%
 211  KT119680   89.41%    passed     69.75%
 212  KT119681   89.41%    passed     69.75%
 213  KT119682   89.41%    passed     71.32%
 214  KT119683   89.41%    passed     69.75%
 215  KT119684   89.41%    passed     69.75%
 216  KT119685   89.41%    passed     69.75%
 217  KT119686   89.41%    passed     69.75%
 218  KT119687   89.41%    passed     69.75%
 219  KT119688   89.41%    passed     69.75%
 220  KT119689   89.41%    passed     69.75%
 221  KT119690   89.41%    passed     69.75%
 222  KT119691   89.41%    passed     69.75%
 223  KT119692   89.41%    passed     69.75%
 224  KT119693   89.41%    passed     67.89%
 225  KT119694   89.41%    passed     69.75%
 226  KT119695   89.41%    passed     69.75%
 227  KT119696   89.41%    passed     67.89%
 228  KT119697   89.41%    passed     69.75%
 229  KT119698   89.41%    passed     65.92%
 230  KT119699   89.41%    passed     69.75%
 231  KT119700   89.41%    passed     69.75%
 232  KT119701   89.41%    passed     67.89%
 233  KT119702   89.41%    passed     69.75%
 234  KT119703   89.41%    passed     69.75%
 235  KT119704   89.41%    passed     69.75%
 236  KT119705   89.41%    passed     69.75%
 237  KT119706   89.41%    passed     69.75%
 238  KT119707   89.41%    passed     69.75%
 239  KT119708   89.41%    passed     69.75%
 240  KT119709   89.41%    passed     69.75%
 241  KT119710   89.41%    passed     67.76%
 242  KT119711   89.41%    passed     69.75%
 243  KT119712   89.41%    passed     67.89%
 244  KT119713   89.41%    passed     69.75%
 245  KT119714   89.41%    passed     67.89%
 246  KT119715   89.41%    passed     69.75%
 247  KT119716   89.41%    passed     72.10%
 248  KT119717   89.41%    passed     69.75%
 249  KT119718   89.41%    passed     69.75%
 250  KT119719   89.41%    passed     71.49%
 251  KT119720   89.41%    passed     67.76%
 252  KT119721   89.41%    passed     70.38%
 253  KT119722   89.41%    passed     67.76%
 254  KT119723   89.41%    passed     71.32%
 255  KT119724   89.41%    passed     71.32%
 256  KT119725   89.41%    passed     67.76%
 257  KT119726   89.41%    passed     69.75%
 258  KT119727   89.41%    passed     69.75%
 259  KT119729   89.41%    passed     69.75%
 260  KT119730   89.41%    passed     67.89%
 261  KT119731   89.41%    passed     71.32%
 262  KT119732   89.41%    passed     71.32%
 263  KT119733   89.41%    passed     71.32%
 264  KT119734   89.41%    passed     69.75%
 265  KT119735   89.41%    passed     69.75%
 266  KT119736   89.41%    passed     71.32%
 267  KT119737   89.41%    passed     69.75%
 268  KT119738   89.41%    passed     69.75%
 269  KT119739   89.41%    passed     69.75%
 270  KT119740   89.41%    passed     69.75%
 271  KT119741   89.41%    passed     69.75%
 272  KT119742   89.41%    passed     69.75%
 273  KT119743   89.41%    passed     69.75%
 274  KT119744   89.41%    passed     69.75%
 275  KT119745   89.41%    passed     69.75%
 276  KT119746   89.41%    passed     69.75%
 277  KT119747   89.41%    passed     69.75%
 278  KT119748   89.41%    passed     69.75%
 279  KT119749   89.41%    passed     69.75%
 280  KT119750   89.41%    passed     69.75%
 281  KT119751   89.41%    passed     70.56%
 282  KT119752   89.41%    passed     67.76%
 283  KT119753   89.41%    passed     67.76%
 284  KT119776   89.41%    passed     74.55%
 285  KT119780   89.41%    passed     82.34%
 286  KT119781   89.46%    passed     67.43%
 287  KT336432   88.65%    passed     61.88%
 288  KT336433   88.65%    passed     58.82%
 289  KT336434   88.65%    passed     60.51%
 290  KT336435   88.65%    passed     42.28%
 291  KT336436   88.65%    passed     51.61%
 292  KT336437   88.65%    passed     47.33%
 293  KX148103   88.65%    passed     54.93%
 294  KX148203   88.65%    passed     54.56%
 295  KX148204   88.65%    passed     43.63%
 296  KX148205   88.65%    passed     64.79%
 297  KX148206   88.65%    passed     47.66%
 298  KX148207   88.65%    passed     34.06%
 299  KX148208   88.65%    passed     61.46%
 300  KY210220   88.65%    passed     57.54%
 301  KY210221   88.70%    passed     64.62%
 302  KY210222   88.65%    passed     61.88%
 303  KY210223   88.65%    passed     42.63%
 304  KY210224   88.65%    passed     66.71%
 305  KY210225   88.65%    passed     63.80%
 306  KY210226   88.65%    passed     66.01%
 307  KY210228   88.65%    passed     65.04%
 308  KY210229   88.65%    passed     63.80%
 309  KY210230   88.65%    passed     66.01%
 310  KY210231   88.65%    passed     63.80%
 311  KY210232   88.65%    passed     63.80%
 312  KY210234   88.65%    passed     63.80%
 313  KY210235   88.65%    passed     63.80%
 314  KY210236   88.65%    passed     66.01%
 315  KY210238   88.65%    passed     63.80%
 316  KY210239   88.65%    passed     63.80%
 317  KY210241   88.65%    passed     63.80%
 318  KY210243   88.65%    passed     65.50%
 319  KY210244   88.65%    passed     66.71%
 320  KY210245   88.65%    passed     58.51%
 321  KY210246   88.65%    passed     63.80%
 322  KY210247   88.65%    passed     65.50%
 323  KY210248   88.65%    passed     66.71%
 324  KY210249   88.65%    passed     65.04%
 325  KY210250   88.65%    passed     63.80%
 326  KY210251   88.65%    passed     63.80%
 327  KY210252   88.65%    passed     58.51%
 328  KY210253   88.65%    passed     39.77%
 329  KY210254   88.65%    passed     39.77%
 330  KY210255   88.65%    passed     39.77%
 331  KY210256   88.65%    passed     39.77%
 332  KY210258   88.65%    passed     63.80%
 333  KY210259   88.65%    passed     63.80%
 334  KY210260   88.65%    passed     63.80%
 335  KY210262   88.65%    passed     68.45%
 336  KY210263   88.65%    passed     55.95%
 337  KY210264   88.65%    passed     48.64%
 338  KY210265   88.65%    passed     66.71%
 339  KY210266   88.65%    passed     39.77%
 340  KY210267   88.65%    passed     68.01%
 341  KY210268   88.65%    passed     61.88%
 342  KY210271   88.65%    passed     63.80%
 343  KY210272   88.65%    passed     63.80%
 344  KY210273   88.65%    passed     66.71%
 345  KY210275   88.85%    passed     49.97%
 346  KY210276   88.65%    passed     66.71%
 347  KY210278   88.65%    passed     61.88%
 348  KY210280   88.65%    passed     42.63%
 349  KY210281   88.65%    passed     42.63%
 350  KY210282   88.65%    passed     42.63%
 351  KY210285   88.65%    passed     43.66%
 352  KY210286   88.65%    passed     61.88%
 353  KY210287   88.65%    passed     59.74%
 354  KY210288   88.65%    passed     59.74%
 355  KY210289   88.65%    passed     63.80%
 356  KY210290   88.65%    passed     63.80%
 357  KY210291   88.65%    passed     63.80%
 358  KY210292   88.65%    passed     63.80%
 359  KY210293   88.65%    passed     63.80%
 360  KY210295   88.65%    passed     59.74%
 361  KY210296   88.65%    passed     59.74%
 362  KY210297   88.65%    passed     67.12%
 363  KY210298   88.65%    passed     67.12%
 364  KY210299   88.65%    passed     63.80%
 365  KY210300   88.65%    passed     63.80%
 366  KY210301   88.65%    passed     63.80%
 367  KY210302   88.65%    passed     63.80%
 368  KY210303   88.65%    passed     66.71%
 369  KY210305   88.65%    passed     67.12%
 370  KY210306   88.65%    passed     42.63%
 371  KY210307   88.65%    passed     63.80%
 372  KY210308   88.65%    passed     61.88%
 373  KY210309   88.65%    passed     45.27%
 374  KY210311   88.65%    passed     55.95%
 375  KY553256   88.65%    passed     48.35%
 376  KY553257   88.65%    passed     47.91%
 377  KY553258   88.65%    passed     45.89%
 378  KY553259   88.65%    passed     54.62%
 379  KY553260   88.65%    passed     43.11%
 380  KY553261   88.65%    passed     64.03%
 381  KY553262   88.65%    passed     42.25%
 382  KY553263   88.65%    passed     44.99%
 383  KY553264   88.65%    passed     54.80%
 384  KY553265   88.65%    passed     59.74%
 385  KY553267   88.65%    passed     39.28%
 386  KY553268   88.65%    passed     56.52%
 387  KY553269   88.66%    passed     40.60%
 388  KY553270   88.65%    passed     65.87%
 389  KY553271   88.65%    passed     41.45%
 390  KY553272   88.65%    passed     56.39%
 391  KY563717   88.65%    passed     64.05%
 392  KY563718   88.65%    passed     59.74%
 393  LC029889   88.65%    passed     64.60%
 394  LC029890   88.65%    passed     62.64%
 395  LC029893   88.65%    passed     63.13%
 396  LC029897   88.65%    passed     57.13%
 397  LT909528   88.65%    passed     61.65%
 398  LT909534   88.65%    passed     42.55%
 399  LT909536   88.65%    passed     65.65%
 400  MG458318   88.65%    passed     43.50%
 401  MN726802   89.83%    passed     60.53%
 402  MN726803   90.56%    passed     72.79%
 403  MN726804   88.65%    passed     72.04%
 404  MN726806   96.86%    passed     34.98%
 405  MN726807   89.52%    passed     67.70%
 406  MN726808   89.02%    passed     69.08%
 407  MN726809   88.71%    passed     57.54%
 408  MN726811   90.92%    passed     60.91%
 409  MN726813   92.69%    passed     57.04%
 410  MN726814   88.66%    passed     49.79%
 411  MN726815   88.67%    passed     64.14%
 412  MN726816   90.56%    passed     42.42%
 413  MN726817   88.66%    passed     58.77%
 414  MN726818   88.67%    passed     58.74%
 415  MN726820   88.72%    passed     64.65%
 416  MN726821   91.08%    passed     36.31%
 417  MN726822   90.92%    passed     62.19%
 418  MN726823   90.56%    passed     62.27%
 419  MN726824   88.68%    passed     72.00%
 420  MN726825   89.19%    passed     61.18%
 421  MN726826   88.65%    passed     70.76%
 422  MN726827   88.65%    passed     74.81%
 423  MN726828   89.88%    passed     46.60%
 424  MN726829   89.16%    passed     61.97%
 425  MN726831   88.65%    passed     54.33%
 426  MN726832   90.93%    passed     61.56%
 427  MN726833   88.72%    passed     57.44%
 428  MN726834   93.53%    passed     56.11%
 429  MN726835   88.68%    passed     55.92%
 430  MT454631   88.65%    passed     63.09%
 431  MT454632   88.65%    passed     52.69%
 432  MT454633   88.65%    passed     48.35%
 433  MT454634   88.65%    passed     61.88%
 434  MT454635   88.65%    passed     62.30%
 435  MT454636   88.65%    passed     61.88%
 436  MT454637   88.65%    passed     64.05%
 437  MT454638   88.65%    passed     35.08%
 438  MT454639   88.65%    passed     61.88%
 439  MT454640   88.65%    passed     54.64%
 440  MT454641   88.65%    passed     60.40%
 441  MT454642   88.65%    passed     50.29%
 442  MT454643   88.65%    passed     57.30%
 443  MT454644   88.65%    passed     45.20%
 444  MT454645   88.65%    passed     54.92%
 445  MT454646   88.65%    passed     54.92%
 446  MT454647   88.65%    passed     54.92%
 447  MT454648   88.65%    passed     63.80%
 448  MT454649   88.65%    passed     54.92%
 449  MT454650   88.65%    passed     54.92%
 450  MT454651   88.65%    passed     52.80%
 451  MT454652   88.65%    passed     61.88%
 452  MT454653   88.65%    passed     61.88%
 453  MT454654   88.65%    passed     63.09%
 454  U22484     88.68%    passed     69.85%
 455  U22488     88.68%    passed     52.49%
 456  U22632     88.68%    passed     49.52%
 457  U22633     88.68%    passed     50.67%
 458  U22638     88.68%    passed     45.21%
 459  U22645     88.68%    passed     51.99%
 460  U22647     88.68%    passed     49.63%
 461  U22648     88.68%    passed     46.08%
 462  U22649     88.68%    passed     52.68%
 463  U22650     88.68%    passed     75.51%
 464  U22651     88.68%    passed     66.93%
 465  KX148209   88.65%    passed     45.49%
 466  KX148210   88.65%    passed     38.87%
 467  KX148211   88.65%    passed     47.66%
 468  AY854589   88.65%    passed     41.74%
 469  FJ228526   88.68%    passed     40.75%
 470  FJ228527   88.68%    passed     47.55%
 471  FJ228531   88.68%    passed     49.42%
 472  FJ228532   88.68%    passed     47.55%
 473  FJ228533   88.68%    passed     59.26%
 474  U22841     88.68%    passed     44.53%
 475  RAB12001    2.35%    passed     61.96%
 476  RAB12002    0.00%    passed     79.92%
 477  RAB12005    0.00%    passed     81.31%
 478  RAB12039    0.00%    passed     80.46%
 479  RAB16024    0.02%    passed     71.57%
 480  RAB16026    0.00%    passed     71.69%
 481  RAB16027    0.08%    passed     71.72%
 482  RAB16028    0.00%    passed     72.92%
 483  RAB16029    0.01%    passed     72.78%
 484  RV2486      0.00%    passed     71.95%
 485  RV2488      0.00%    passed     72.27%
 486  RV2932      0.00%    passed     74.97%
 487  RV2934      0.23%    passed     68.07%
 488  RV2937      0.09%    passed     69.97%
 489  RV2946      0.47%    passed     68.42%
 490  RV2948      0.94%    passed     67.94%
 491  RV2949      0.37%    passed     77.92%
 492  RV3081      0.00%    passed     62.82%
 493  RV3116      0.03%    passed     75.54%
 494  RV3142      0.08%    passed     74.80%
 495  RV3197      0.00%    passed     74.58%
 496  RV3198      0.00%    passed     76.58%
 497  RV3227      0.01%    passed     76.98%
 498  RV3234      0.02%    passed     80.25%
 499  RV3240      0.00%    passed     83.37%
 500  RV3241      0.60%    passed     76.72%
 501  RV3245      0.00%    passed     77.10%
 502  RV3247      0.00%    passed     79.08%
 503  RV3248      0.00%    passed     75.68%
 504  RV3249      0.02%    passed     77.56%
 505  RV3250      0.00%    passed     80.12%
 506  RV3252      0.08%    passed     79.71%
 507  RV3253      0.08%    passed     82.21%
 508  RV3254      1.38%    passed     83.07%
 509  RV3256      0.00%    passed     77.96%
 510  RV3262      0.00%    passed     80.12%
 511  SD575       0.01%    passed     65.62%
 512  SD577       0.72%    passed     77.42%
 513  SD620       0.81%    passed     78.42%
 514  SD622       0.49%    passed     79.00%
 515  SD635       0.55%    passed     82.56%
 516  SD643       0.03%    passed     79.97%
 517  SD644       0.63%    passed     80.03%
 518  SD645       0.41%    passed     69.09%
 519  SD647       0.60%    passed     73.73%
 520  SD650       0.41%    passed     75.61%
 521  SD657       0.00%    passed     80.14%
 522  SD659       0.76%    passed     76.45%
 523  SD660       0.02%    passed     79.40%
 524  SD662       0.23%    passed     84.80%
 525  SD664       0.25%    passed     76.15%
 526  SD667       0.24%    passed     83.24%
 527  SD668       0.00%    passed     78.02%
 528  SD669       0.53%    passed     84.98%
 529  SD670       0.46%    passed     68.66%
 530  SD674       0.39%    passed     71.04%
 531  SD678       0.00%    passed     72.46%
 532  SD679       0.28%    passed     75.46%
 533  SD680       0.00%    passed     75.36%
 534  SD703      30.07%    passed     32.46%
 535  SUB1637     0.00%    passed     73.44%
 536  SUB7097     1.44%    passed     80.03%
 537  SUB7100     0.11%    passed     75.66%
 538  SUB7101     0.26%    passed     77.49%
 539  SUB7105     7.62%    passed     97.72%
 540  SUB7108     0.70%    passed     69.05%
 541  SUB7109     1.56%    passed     66.72%
 542  SUB7111     0.60%    passed     71.84%
 543  SUB7113     0.97%    passed     83.03%
 544  SUB7116     0.95%    passed     71.81%
 545  SUB7118     0.17%    passed     80.87%
 546  SUB7119     0.52%    passed     75.87%
 547  SUB7121     0.81%    passed     79.34%
 548  SUB7122     0.42%    passed     84.03%
 549  SUB7123     0.60%    passed     70.47%
 550  SUB7125     2.46%    passed     78.72%
 551  SUB7126     0.63%    passed     81.15%
 552  SUB7127     0.08%    passed     65.09%
 553  SUB7128     1.49%    passed     68.66%
 554  SUB7130     0.09%    passed     76.18%
 555  SUB7132     2.54%    passed     87.41%
 556  SUB7138     0.02%    passed     76.87%
 557  SUB7140     0.70%    passed     82.53%
 558  SUB7143     0.97%    passed     80.84%
 559  SUB7144     0.08%    passed     79.91%
 560  SUB7145     0.18%    passed     77.82%
 561  SUB7146     0.51%    passed     70.81%
WARNING: 474 sequences contain more than 50% gaps/ambiguity
****  TOTAL      75.27%  0 sequences failed composition chi2 test (p-value<5%; df=3)
NOTE: KJ957436 is identical to KJ957432 but kept for subsequent analysis
NOTE: KJ957438 is identical to KJ957437 but kept for subsequent analysis
NOTE: KJ957447 is identical to KJ957442 but kept for subsequent analysis
NOTE: KJ957452 is identical to KJ957444 but kept for subsequent analysis
NOTE: AB284510 is identical to AB284509 but kept for subsequent analysis
NOTE: KX148205 is identical to EU853582 but kept for subsequent analysis
NOTE: EU853585 is identical to EU853584 but kept for subsequent analysis
NOTE: EU853588 is identical to EU853587 but kept for subsequent analysis
NOTE: KY553256 is identical to HM179507 but kept for subsequent analysis
NOTE: KY210222 is identical to KR534217 but kept for subsequent analysis
NOTE: KR534220 is identical to KR534218 but kept for subsequent analysis
NOTE: KR906734 is identical to KR534219 but kept for subsequent analysis
NOTE: KR534231 is identical to KR534228 but kept for subsequent analysis
NOTE: KR906756 is identical to KR534232 but kept for subsequent analysis
NOTE: KR906760 is identical to KR534233 but kept for subsequent analysis
NOTE: KR534236 is identical to KR534235 but kept for subsequent analysis
NOTE: KR534245 is identical to KR534244 but kept for subsequent analysis
NOTE: KY210226 is identical to KR534250 but kept for subsequent analysis
NOTE: KR906774 is identical to KR534251 but kept for subsequent analysis
NOTE: KR906753 is identical to KR906741 but kept for subsequent analysis
NOTE: KR906750 is identical to KR906742 but kept for subsequent analysis
NOTE: KR906752 is identical to KR906748 but kept for subsequent analysis
NOTE: KR906765 is identical to KR906764 but kept for subsequent analysis
NOTE: KR906780 is identical to KR906778 but kept for subsequent analysis
NOTE: KY210287 is identical to KR906781 but kept for subsequent analysis
NOTE: KY210245 is identical to KR906790 but kept for subsequent analysis
NOTE: KY210297 is identical to KR906792 but kept for subsequent analysis
NOTE: KT119636 is identical to KT119635 but kept for subsequent analysis
NOTE: KT119640 is identical to KT119637 but kept for subsequent analysis
NOTE: KT119652 is identical to KT119647 but kept for subsequent analysis
NOTE: KT119649 is identical to KT119648 but kept for subsequent analysis
NOTE: KT119661 is identical to KT119659 but kept for subsequent analysis
NOTE: KT119693 is identical to KT119667 but kept for subsequent analysis
NOTE: KT119752 is identical to KT119710 but kept for subsequent analysis
NOTE: KT119730 is identical to KT119712 but kept for subsequent analysis
NOTE: KT119724 is identical to KT119723 but kept for subsequent analysis
NOTE: MT454634 is identical to KT336432 but kept for subsequent analysis
NOTE: KY210254 is identical to KY210253 but kept for subsequent analysis
NOTE: KY210311 is identical to KY210263 but kept for subsequent analysis
NOTE: KY563718 is identical to KY553265 but kept for subsequent analysis
NOTE: MT454646 is identical to MT454645 but kept for subsequent analysis
NOTE: 170 identical sequences (see below) will be ignored for subsequent analysis
NOTE: KJ957439 (identical to KJ957432) is ignored but added at the end
NOTE: KJ957440 (identical to KJ957432) is ignored but added at the end
NOTE: MG458319 (identical to KJ957437) is ignored but added at the end
NOTE: AB285215 (identical to AB284509) is ignored but added at the end
NOTE: EU853589 (identical to EU853587) is ignored but added at the end
NOTE: KY210220 (identical to KR534218) is ignored but added at the end
NOTE: KR534234 (identical to KR534228) is ignored but added at the end
NOTE: KR906743 (identical to KR534228) is ignored but added at the end
NOTE: KY210285 (identical to KR534228) is ignored but added at the end
NOTE: KY210267 (identical to KR534232) is ignored but added at the end
NOTE: KR906772 (identical to KR534233) is ignored but added at the end
NOTE: KR534237 (identical to KR534235) is ignored but added at the end
NOTE: KR534256 (identical to KR534235) is ignored but added at the end
NOTE: KY210224 (identical to KR534235) is ignored but added at the end
NOTE: KY210244 (identical to KR534235) is ignored but added at the end
NOTE: KY210248 (identical to KR534235) is ignored but added at the end
NOTE: KY210265 (identical to KR534235) is ignored but added at the end
NOTE: KY210273 (identical to KR534235) is ignored but added at the end
NOTE: KY210276 (identical to KR534235) is ignored but added at the end
NOTE: KY210303 (identical to KR534235) is ignored but added at the end
NOTE: KR534246 (identical to KR534244) is ignored but added at the end
NOTE: KR534247 (identical to KR534244) is ignored but added at the end
NOTE: KR534248 (identical to KR534244) is ignored but added at the end
NOTE: KR534249 (identical to KR534244) is ignored but added at the end
NOTE: KR534254 (identical to KR534244) is ignored but added at the end
NOTE: KR906755 (identical to KR534244) is ignored but added at the end
NOTE: KR906771 (identical to KR534244) is ignored but added at the end
NOTE: KR906782 (identical to KR534244) is ignored but added at the end
NOTE: KR906787 (identical to KR534244) is ignored but added at the end
NOTE: KY210225 (identical to KR534244) is ignored but added at the end
NOTE: KY210229 (identical to KR534244) is ignored but added at the end
NOTE: KY210231 (identical to KR534244) is ignored but added at the end
NOTE: KY210232 (identical to KR534244) is ignored but added at the end
NOTE: KY210234 (identical to KR534244) is ignored but added at the end
NOTE: KY210235 (identical to KR534244) is ignored but added at the end
NOTE: KY210238 (identical to KR534244) is ignored but added at the end
NOTE: KY210239 (identical to KR534244) is ignored but added at the end
NOTE: KY210241 (identical to KR534244) is ignored but added at the end
NOTE: KY210246 (identical to KR534244) is ignored but added at the end
NOTE: KY210250 (identical to KR534244) is ignored but added at the end
NOTE: KY210251 (identical to KR534244) is ignored but added at the end
NOTE: KY210258 (identical to KR534244) is ignored but added at the end
NOTE: KY210259 (identical to KR534244) is ignored but added at the end
NOTE: KY210260 (identical to KR534244) is ignored but added at the end
NOTE: KY210271 (identical to KR534244) is ignored but added at the end
NOTE: KY210272 (identical to KR534244) is ignored but added at the end
NOTE: KY210289 (identical to KR534244) is ignored but added at the end
NOTE: KY210290 (identical to KR534244) is ignored but added at the end
NOTE: KY210291 (identical to KR534244) is ignored but added at the end
NOTE: KY210292 (identical to KR534244) is ignored but added at the end
NOTE: KY210293 (identical to KR534244) is ignored but added at the end
NOTE: KY210299 (identical to KR534244) is ignored but added at the end
NOTE: KY210300 (identical to KR534244) is ignored but added at the end
NOTE: KY210301 (identical to KR534244) is ignored but added at the end
NOTE: KY210302 (identical to KR534244) is ignored but added at the end
NOTE: KY210307 (identical to KR534244) is ignored but added at the end
NOTE: KY210230 (identical to KR534250) is ignored but added at the end
NOTE: KY210236 (identical to KR534250) is ignored but added at the end
NOTE: KY210223 (identical to KR534251) is ignored but added at the end
NOTE: KY210280 (identical to KR534251) is ignored but added at the end
NOTE: KY210281 (identical to KR534251) is ignored but added at the end
NOTE: KY210282 (identical to KR534251) is ignored but added at the end
NOTE: KY210306 (identical to KR534251) is ignored but added at the end
NOTE: KR906754 (identical to KR906742) is ignored but added at the end
NOTE: KR906768 (identical to KR906742) is ignored but added at the end
NOTE: KY210268 (identical to KR906778) is ignored but added at the end
NOTE: KY210278 (identical to KR906778) is ignored but added at the end
NOTE: KY210286 (identical to KR906778) is ignored but added at the end
NOTE: KY210308 (identical to KR906778) is ignored but added at the end
NOTE: KY210288 (identical to KR906781) is ignored but added at the end
NOTE: KY210295 (identical to KR906781) is ignored but added at the end
NOTE: KY210296 (identical to KR906781) is ignored but added at the end
NOTE: KY210252 (identical to KR906790) is ignored but added at the end
NOTE: KY210298 (identical to KR906792) is ignored but added at the end
NOTE: KY210305 (identical to KR906792) is ignored but added at the end
NOTE: KT119638 (identical to KT119635) is ignored but added at the end
NOTE: KT119639 (identical to KT119635) is ignored but added at the end
NOTE: KT119641 (identical to KT119635) is ignored but added at the end
NOTE: KT119642 (identical to KT119635) is ignored but added at the end
NOTE: KT119643 (identical to KT119635) is ignored but added at the end
NOTE: KT119644 (identical to KT119635) is ignored but added at the end
NOTE: KT119645 (identical to KT119635) is ignored but added at the end
NOTE: KT119646 (identical to KT119635) is ignored but added at the end
NOTE: KT119651 (identical to KT119635) is ignored but added at the end
NOTE: KT119653 (identical to KT119635) is ignored but added at the end
NOTE: KT119654 (identical to KT119635) is ignored but added at the end
NOTE: KT119655 (identical to KT119635) is ignored but added at the end
NOTE: KT119656 (identical to KT119635) is ignored but added at the end
NOTE: KT119657 (identical to KT119635) is ignored but added at the end
NOTE: KT119664 (identical to KT119635) is ignored but added at the end
NOTE: KT119663 (identical to KT119647) is ignored but added at the end
NOTE: KT119665 (identical to KT119647) is ignored but added at the end
NOTE: KT119662 (identical to KT119659) is ignored but added at the end
NOTE: KT119666 (identical to KT119659) is ignored but added at the end
NOTE: KT119668 (identical to KT119659) is ignored but added at the end
NOTE: KT119669 (identical to KT119659) is ignored but added at the end
NOTE: KT119671 (identical to KT119659) is ignored but added at the end
NOTE: KT119672 (identical to KT119659) is ignored but added at the end
NOTE: KT119673 (identical to KT119659) is ignored but added at the end
NOTE: KT119674 (identical to KT119659) is ignored but added at the end
NOTE: KT119675 (identical to KT119659) is ignored but added at the end
NOTE: KT119676 (identical to KT119659) is ignored but added at the end
NOTE: KT119677 (identical to KT119659) is ignored but added at the end
NOTE: KT119678 (identical to KT119659) is ignored but added at the end
NOTE: KT119679 (identical to KT119659) is ignored but added at the end
NOTE: KT119680 (identical to KT119659) is ignored but added at the end
NOTE: KT119681 (identical to KT119659) is ignored but added at the end
NOTE: KT119683 (identical to KT119659) is ignored but added at the end
NOTE: KT119684 (identical to KT119659) is ignored but added at the end
NOTE: KT119685 (identical to KT119659) is ignored but added at the end
NOTE: KT119686 (identical to KT119659) is ignored but added at the end
NOTE: KT119687 (identical to KT119659) is ignored but added at the end
NOTE: KT119688 (identical to KT119659) is ignored but added at the end
NOTE: KT119689 (identical to KT119659) is ignored but added at the end
NOTE: KT119690 (identical to KT119659) is ignored but added at the end
NOTE: KT119691 (identical to KT119659) is ignored but added at the end
NOTE: KT119692 (identical to KT119659) is ignored but added at the end
NOTE: KT119694 (identical to KT119659) is ignored but added at the end
NOTE: KT119695 (identical to KT119659) is ignored but added at the end
NOTE: KT119697 (identical to KT119659) is ignored but added at the end
NOTE: KT119699 (identical to KT119659) is ignored but added at the end
NOTE: KT119700 (identical to KT119659) is ignored but added at the end
NOTE: KT119702 (identical to KT119659) is ignored but added at the end
NOTE: KT119703 (identical to KT119659) is ignored but added at the end
NOTE: KT119704 (identical to KT119659) is ignored but added at the end
NOTE: KT119705 (identical to KT119659) is ignored but added at the end
NOTE: KT119706 (identical to KT119659) is ignored but added at the end
NOTE: KT119707 (identical to KT119659) is ignored but added at the end
NOTE: KT119708 (identical to KT119659) is ignored but added at the end
NOTE: KT119709 (identical to KT119659) is ignored but added at the end
NOTE: KT119711 (identical to KT119659) is ignored but added at the end
NOTE: KT119713 (identical to KT119659) is ignored but added at the end
NOTE: KT119717 (identical to KT119659) is ignored but added at the end
NOTE: KT119718 (identical to KT119659) is ignored but added at the end
NOTE: KT119726 (identical to KT119659) is ignored but added at the end
NOTE: KT119727 (identical to KT119659) is ignored but added at the end
NOTE: KT119729 (identical to KT119659) is ignored but added at the end
NOTE: KT119734 (identical to KT119659) is ignored but added at the end
NOTE: KT119735 (identical to KT119659) is ignored but added at the end
NOTE: KT119737 (identical to KT119659) is ignored but added at the end
NOTE: KT119738 (identical to KT119659) is ignored but added at the end
NOTE: KT119739 (identical to KT119659) is ignored but added at the end
NOTE: KT119740 (identical to KT119659) is ignored but added at the end
NOTE: KT119741 (identical to KT119659) is ignored but added at the end
NOTE: KT119742 (identical to KT119659) is ignored but added at the end
NOTE: KT119743 (identical to KT119659) is ignored but added at the end
NOTE: KT119744 (identical to KT119659) is ignored but added at the end
NOTE: KT119745 (identical to KT119659) is ignored but added at the end
NOTE: KT119746 (identical to KT119659) is ignored but added at the end
NOTE: KT119747 (identical to KT119659) is ignored but added at the end
NOTE: KT119748 (identical to KT119659) is ignored but added at the end
NOTE: KT119749 (identical to KT119659) is ignored but added at the end
NOTE: KT119750 (identical to KT119659) is ignored but added at the end
NOTE: KT119696 (identical to KT119667) is ignored but added at the end
NOTE: KT119701 (identical to KT119667) is ignored but added at the end
NOTE: KT119753 (identical to KT119710) is ignored but added at the end
NOTE: KT119731 (identical to KT119723) is ignored but added at the end
NOTE: KT119732 (identical to KT119723) is ignored but added at the end
NOTE: KT119733 (identical to KT119723) is ignored but added at the end
NOTE: KT119736 (identical to KT119723) is ignored but added at the end
NOTE: MT454636 (identical to KT336432) is ignored but added at the end
NOTE: MT454639 (identical to KT336432) is ignored but added at the end
NOTE: MT454652 (identical to KT336432) is ignored but added at the end
NOTE: MT454653 (identical to KT336432) is ignored but added at the end
NOTE: KY210255 (identical to KY210253) is ignored but added at the end
NOTE: KY210256 (identical to KY210253) is ignored but added at the end
NOTE: KY210266 (identical to KY210253) is ignored but added at the end
NOTE: MT454647 (identical to MT454645) is ignored but added at the end
NOTE: MT454649 (identical to MT454645) is ignored but added at the end
NOTE: MT454650 (identical to MT454645) is ignored but added at the end
Alignment was printed to Example_designation/Alignment/Example_designation_combined_aligned.fasta.uniqueseq.phy

For your convenience alignment with unique sequences printed to Example_designation/Alignment/Example_designation_combined_aligned.fasta.uniqueseq.phy


Create initial parsimony tree by phylogenetic likelihood library (PLL)... 0.211 seconds
Perform fast likelihood tree search using GTR+I+G model...
Estimate model parameters (epsilon = 5.000)
Perform nearest neighbor interchange...
Estimate model parameters (epsilon = 1.000)
1. Initial log-likelihood: -38280.864
Optimal log-likelihood: -38280.843
Rate parameters:  A-C: 1.42293  A-G: 8.43408  A-T: 0.59789  C-G: 0.37766  C-T: 10.86940  G-T: 1.00000
Base frequencies:  A: 0.286  C: 0.220  G: 0.234  T: 0.259
Proportion of invariable sites: 0.424
Gamma shape alpha: 0.791
Parameters optimization took 1 rounds (0.963 sec)
Time for fast ML tree search: 20.970 seconds

NOTE: ModelFinder requires 200 MB RAM!
ModelFinder will test up to 286 DNA models (sample size: 11923) ...
 No. Model         -LnL         df  AIC          AICc         BIC
  1  GTR+F         39374.839    787 80323.678    80435.066    86136.636
  2  GTR+F+I       38462.399    788 78500.798    78612.479    84321.143
  3  GTR+F+G4      38300.705    788 78177.410    78289.091    83997.755
  4  GTR+F+I+G4    38280.846    789 78139.692    78251.667    83967.423
  5  GTR+F+R2      38316.506    789 78211.012    78322.987    84038.743
  6  GTR+F+R3      38309.742    791 78201.484    78314.048    84043.988
 17  SYM+I+G4      38343.380    786 78258.760    78369.856    84064.333
 30  TVM+F+I+G4    38293.919    788 78163.839    78275.521    83984.184
 43  TVMe+I+G4     38348.792    785 78267.583    78378.387    84065.770
 56  TIM3+F+I+G4   38326.604    787 78227.207    78338.596    84040.166
 69  TIM3e+I+G4    38395.068    784 78358.137    78468.649    84148.937
 82  TIM2+F+I+G4   38324.090    787 78222.180    78333.568    84035.138
 95  TIM2e+I+G4    38383.947    784 78335.893    78446.405    84126.693
108  TIM+F+I+G4    38289.447    787 78152.894    78264.283    83965.853
121  TIMe+I+G4     38357.859    784 78283.719    78394.230    84074.519
134  TPM3u+F+I+G4  38339.627    786 78251.254    78362.350    84056.827
147  TPM3+F+I+G4   38339.627    786 78251.254    78362.350    84056.827
160  TPM2u+F+I+G4  38337.104    786 78246.209    78357.305    84051.781
173  TPM2+F+I+G4   38337.104    786 78246.209    78357.305    84051.781
186  K3Pu+F+I+G4   38302.436    786 78176.871    78287.967    83982.444
199  K3P+I+G4      38363.443    783 78292.885    78403.105    84076.299
212  TN+F+I+G4     38329.467    786 78230.934    78342.030    84036.507
225  TNe+I+G4      38395.610    783 78357.219    78467.440    84140.633
238  HKY+F+I+G4    38342.454    785 78254.908    78365.712    84053.094
251  K2P+I+G4      38401.200    782 78366.400    78476.329    84142.428
264  F81+F+I+G4    40246.205    784 82060.410    82170.922    87851.210
277  JC+I+G4       40283.291    781 82128.583    82238.221    87897.224
Akaike Information Criterion:           GTR+F+I+G4
Corrected Akaike Information Criterion: GTR+F+I+G4
Bayesian Information Criterion:         TIM+F+I+G4
Best-fit model: TIM+F+I+G4 chosen according to BIC

All model information printed to Example_designation/Alignment/Example_designation_combined_aligned.fasta.model.gz
CPU time for ModelFinder: 113.331 seconds (0h:1m:53s)
Wall-clock time for ModelFinder: 114.131 seconds (0h:1m:54s)
Generating 1000 samples for ultrafast bootstrap (seed: 347598)...

NOTE: 83 MB RAM (0 GB) is required!
Estimate model parameters (epsilon = 0.100)
Thoroughly optimizing +I+G parameters from 10 start values...
Init pinv, alpha: 0.000, 0.790 / Estimate: 0.000, 0.271 / LogL: -38309.188
Init pinv, alpha: 0.095, 0.790 / Estimate: 0.097, 0.321 / LogL: -38301.901
Init pinv, alpha: 0.190, 0.790 / Estimate: 0.194, 0.394 / LogL: -38296.216
Init pinv, alpha: 0.284, 0.790 / Estimate: 0.288, 0.501 / LogL: -38292.054
Init pinv, alpha: 0.379, 0.790 / Estimate: 0.381, 0.673 / LogL: -38289.616
Init pinv, alpha: 0.474, 0.790 / Estimate: 0.470, 0.955 / LogL: -38290.612
Init pinv, alpha: 0.569, 0.790 / Estimate: 0.487, 1.030 / LogL: -38291.746
Init pinv, alpha: 0.664, 0.790 / Estimate: 0.488, 1.036 / LogL: -38292.131
Init pinv, alpha: 0.759, 0.790 / Estimate: 0.490, 1.042 / LogL: -38292.774
Init pinv, alpha: 0.853, 0.790 / Estimate: 0.490, 1.047 / LogL: -38294.083
Optimal pinv,alpha: 0.381, 0.673 / LogL: -38289.616

Parameters optimization took 164.854 sec
Computing ML distances based on estimated model parameters... 4.348 sec
Computing BIONJ tree...
0.158 seconds
Log-likelihood of BIONJ tree: -38739.660
--------------------------------------------------------------------
|             INITIALIZING CANDIDATE TREE SET                      |
--------------------------------------------------------------------
Generating 98 parsimony trees... 23.936 second
Computing log-likelihood of 98 initial trees ... 21.205 seconds
Current best score: -38289.616

Do NNI search on 20 best initial trees
Estimate model parameters (epsilon = 0.100)
BETTER TREE FOUND at iteration 1: -38289.610
Estimate model parameters (epsilon = 0.100)
BETTER TREE FOUND at iteration 2: -38261.462
Estimate model parameters (epsilon = 0.100)
BETTER TREE FOUND at iteration 4: -38260.242
Iteration 10 / LogL: -38276.913 / Time: 0h:5m:25s
Iteration 20 / LogL: -38276.166 / Time: 0h:7m:26s
Finish initializing candidate tree set (20)
Current best tree score: -38260.242 / CPU time: 274.700
Number of iterations: 20
--------------------------------------------------------------------
|               OPTIMIZING CANDIDATE TREE SET                      |
--------------------------------------------------------------------
Iteration 30 / LogL: -38270.917 / Time: 0h:9m:10s (0h:23m:24s left)
Iteration 40 / LogL: -38272.706 / Time: 0h:10m:43s (0h:17m:36s left)
Iteration 50 / LogL: -38276.544 / Time: 0h:11m:33s (0h:12m:44s left)
Log-likelihood cutoff on original alignment: -38320.056
Estimate model parameters (epsilon = 0.100)
BETTER TREE FOUND at iteration 55: -38260.193
Iteration 60 / LogL: -38272.979 / Time: 0h:12m:27s (0h:20m:3s left)
Iteration 70 / LogL: -38288.586 / Time: 0h:13m:16s (0h:16m:21s left)
Iteration 80 / LogL: -38280.481 / Time: 0h:14m:12s (0h:13m:29s left)
Estimate model parameters (epsilon = 0.100)
BETTER TREE FOUND at iteration 83: -38258.718
Iteration 90 / LogL: -38272.264 / Time: 0h:15m:1s (0h:15m:41s left)
Iteration 100 / LogL: -38267.085 / Time: 0h:15m:55s (0h:13m:21s left)
Log-likelihood cutoff on original alignment: -38320.056
NOTE: Bootstrap correlation coefficient of split occurrence frequencies: 0.997
Iteration 110 / LogL: -38280.213 / Time: 0h:16m:53s (0h:13m:56s left)
Estimate model parameters (epsilon = 0.100)
BETTER TREE FOUND at iteration 118: -38258.538
Iteration 120 / LogL: -38269.619 / Time: 0h:17m:44s (0h:14m:36s left)
Iteration 130 / LogL: -38260.516 / Time: 0h:18m:37s (0h:12m:42s left)
Iteration 140 / LogL: -38269.667 / Time: 0h:19m:29s (0h:10m:56s left)
Iteration 150 / LogL: -38289.791 / Time: 0h:20m:25s (0h:9m:19s left)
Log-likelihood cutoff on original alignment: -38320.056
Iteration 160 / LogL: -38260.596 / Time: 0h:21m:17s (0h:7m:45s left)
Iteration 170 / LogL: -38287.240 / Time: 0h:22m:8s (0h:6m:17s left)
Iteration 180 / LogL: -38258.813 / Time: 0h:23m:0s (0h:4m:52s left)
Iteration 190 / LogL: -38267.742 / Time: 0h:23m:52s (0h:3m:32s left)
BETTER TREE FOUND at iteration 200: -38258.534
Iteration 200 / LogL: -38258.534 / Time: 0h:24m:43s (0h:12m:25s left)
Log-likelihood cutoff on original alignment: -38310.060
NOTE: Bootstrap correlation coefficient of split occurrence frequencies: 0.997
Iteration 210 / LogL: -38261.005 / Time: 0h:25m:33s (0h:11m:0s left)
Iteration 220 / LogL: -38258.644 / Time: 0h:26m:23s (0h:9m:38s left)
Iteration 230 / LogL: -38259.060 / Time: 0h:27m:13s (0h:8m:19s left)
Iteration 240 / LogL: -38258.602 / Time: 0h:28m:4s (0h:7m:2s left)
BETTER TREE FOUND at iteration 250: -38258.529
Iteration 250 / LogL: -38258.529 / Time: 0h:28m:58s (0h:11m:38s left)
Log-likelihood cutoff on original alignment: -38310.060
Iteration 260 / LogL: -38258.564 / Time: 0h:29m:48s (0h:10m:21s left)
Iteration 270 / LogL: -38258.622 / Time: 0h:30m:38s (0h:9m:6s left)
BETTER TREE FOUND at iteration 275: -38258.522
Iteration 280 / LogL: -38295.421 / Time: 0h:31m:27s (0h:10m:42s left)
Iteration 290 / LogL: -38270.447 / Time: 0h:32m:12s (0h:9m:28s left)
Iteration 300 / LogL: -38263.081 / Time: 0h:33m:4s (0h:8m:17s left)
Log-likelihood cutoff on original alignment: -38310.060
NOTE: Bootstrap correlation coefficient of split occurrence frequencies: 0.998
Iteration 310 / LogL: -38279.476 / Time: 0h:33m:58s (0h:9m:53s left)
Iteration 320 / LogL: -38258.663 / Time: 0h:34m:50s (0h:8m:44s left)
Iteration 330 / LogL: -38267.742 / Time: 0h:35m:43s (0h:7m:35s left)
Iteration 340 / LogL: -38280.284 / Time: 0h:36m:36s (0h:6m:28s left)
BETTER TREE FOUND at iteration 346: -38258.518
Iteration 350 / LogL: -38279.468 / Time: 0h:37m:29s (0h:10m:18s left)
Log-likelihood cutoff on original alignment: -38310.060
Iteration 360 / LogL: -38261.528 / Time: 0h:38m:49s (0h:9m:17s left)
Iteration 370 / LogL: -38258.531 / Time: 0h:39m:41s (0h:8m:10s left)
Iteration 380 / LogL: -38258.529 / Time: 0h:40m:34s (0h:7m:3s left)
Iteration 390 / LogL: -38266.708 / Time: 0h:41m:23s (0h:5m:57s left)
Iteration 400 / LogL: -38267.950 / Time: 0h:42m:16s (0h:4m:52s left)
Log-likelihood cutoff on original alignment: -38310.060
NOTE: Bootstrap correlation coefficient of split occurrence frequencies: 0.996
Iteration 410 / LogL: -38258.743 / Time: 0h:43m:11s (0h:9m:30s left)
Iteration 420 / LogL: -38266.415 / Time: 0h:44m:3s (0h:8m:24s left)
Iteration 430 / LogL: -38272.241 / Time: 0h:44m:54s (0h:7m:19s left)
Iteration 440 / LogL: -38272.306 / Time: 0h:45m:42s (0h:6m:14s left)
BETTER TREE FOUND at iteration 442: -38258.515
Iteration 450 / LogL: -38430.705 / Time: 0h:46m:36s (0h:9m:33s left)
Log-likelihood cutoff on original alignment: -38310.060
Iteration 460 / LogL: -38261.031 / Time: 0h:47m:28s (0h:8m:28s left)
Iteration 470 / LogL: -38277.370 / Time: 0h:48m:19s (0h:7m:25s left)
Iteration 480 / LogL: -38269.170 / Time: 0h:49m:10s (0h:6m:21s left)
Iteration 490 / LogL: -38262.901 / Time: 0h:50m:0s (0h:5m:19s left)
Iteration 500 / LogL: -38269.205 / Time: 0h:50m:53s (0h:4m:17s left)
Log-likelihood cutoff on original alignment: -38310.060
NOTE: Bootstrap correlation coefficient of split occurrence frequencies: 0.997
Estimate model parameters (epsilon = 0.100)
BETTER TREE FOUND at iteration 501: -38258.502
Iteration 510 / LogL: -38274.099 / Time: 0h:51m:44s (0h:9m:15s left)
Iteration 520 / LogL: -38258.548 / Time: 0h:52m:40s (0h:8m:13s left)
Iteration 530 / LogL: -38276.982 / Time: 0h:53m:32s (0h:7m:11s left)
BETTER TREE FOUND at iteration 539: -38258.500
Iteration 540 / LogL: -38265.548 / Time: 0h:54m:25s (0h:9m:59s left)
Iteration 550 / LogL: -38270.149 / Time: 0h:55m:17s (0h:8m:57s left)
Log-likelihood cutoff on original alignment: -38310.060
Iteration 560 / LogL: -38268.647 / Time: 0h:56m:13s (0h:7m:56s left)
Iteration 570 / LogL: -38260.560 / Time: 0h:57m:4s (0h:6m:55s left)
Iteration 580 / LogL: -38323.400 / Time: 0h:57m:57s (0h:5m:54s left)
Iteration 590 / LogL: -38275.360 / Time: 0h:58m:50s (0h:4m:53s left)
Iteration 600 / LogL: -38272.206 / Time: 0h:59m:43s (0h:3m:53s left)
Log-likelihood cutoff on original alignment: -38310.060
NOTE: Bootstrap correlation coefficient of split occurrence frequencies: 0.998
Iteration 610 / LogL: -38389.518 / Time: 1h:0m:38s (0h:8m:57s left)
Iteration 620 / LogL: -38274.493 / Time: 1h:1m:30s (0h:7m:56s left)
Iteration 630 / LogL: -38260.497 / Time: 1h:2m:23s (0h:6m:56s left)
Iteration 640 / LogL: -38260.788 / Time: 1h:3m:19s (0h:5m:56s left)
TREE SEARCH COMPLETED AFTER 640 ITERATIONS / Time: 1h:3m:19s

--------------------------------------------------------------------
|                    FINALIZING TREE SEARCH                        |
--------------------------------------------------------------------
Performs final model parameters optimization
Estimate model parameters (epsilon = 0.010)
1. Initial log-likelihood: -38258.500
Optimal log-likelihood: -38258.496
Rate parameters:  A-C: 1.00000  A-G: 7.01705  A-T: 0.41801  C-G: 0.41801  C-T: 8.97746  G-T: 1.00000
Base frequencies:  A: 0.286  C: 0.220  G: 0.234  T: 0.259
Proportion of invariable sites: 0.383
Gamma shape alpha: 0.678
Parameters optimization took 1 rounds (0.426 sec)
BEST SCORE FOUND : -38258.496
Creating bootstrap support values...
Split supports printed to NEXUS file Example_designation/Alignment/Example_designation_combined_aligned.fasta.splits.nex
Total tree length: 1.456

Total number of iterations: 640
CPU time used for tree search: 3588.628 sec (0h:59m:48s)
Wall-clock time used for tree search: 3627.913 sec (1h:0m:27s)
Total CPU time used: 3761.757 sec (1h:2m:41s)
Total wall-clock time used: 3801.237 sec (1h:3m:21s)

Computing bootstrap consensus tree...
Reading input file Example_designation/Alignment/Example_designation_combined_aligned.fasta.splits.nex...
391 taxa and 4212 splits.
Consensus tree written to Example_designation/Alignment/Example_designation_combined_aligned.fasta.contree
Reading input trees file Example_designation/Alignment/Example_designation_combined_aligned.fasta.contree
Log-likelihood of consensus tree: -38259.071

Analysis results written to: 
  IQ-TREE report:                Example_designation/Alignment/Example_designation_combined_aligned.fasta.iqtree
  Maximum-likelihood tree:       Example_designation/Alignment/Example_designation_combined_aligned.fasta.treefile
  Likelihood distances:          Example_designation/Alignment/Example_designation_combined_aligned.fasta.mldist

Ultrafast bootstrap approximation results written to:
  Split support values:          Example_designation/Alignment/Example_designation_combined_aligned.fasta.splits.nex
  Consensus tree:                Example_designation/Alignment/Example_designation_combined_aligned.fasta.contree
  Screen log file:               Example_designation/Alignment/Example_designation_combined_aligned.fasta.log

Date and Time: Thu May 26 16:10:05 2022
