IQ-TREE multicore version 2.0.3 for Linux 64-bit built Dec 20 2020
Developed by Bui Quang Minh, Nguyen Lam Tung, Olga Chernomor,
Heiko Schmidt, Dominik Schrempf, Michael Woodhams.

Host:    essel-Standard (AVX2, FMA3, 31 GB RAM)
Command: iqtree -s Rabv_Ph_designation/Alignment/Rabv_Ph_designation_combined_aligned.fasta -B 1000
Seed:    121479 (Using SPRNG - Scalable Parallel Random Number Generator)
Time:    Thu Mar 31 14:36:58 2022
Kernel:  AVX+FMA - 1 threads (16 CPU cores detected)

HINT: Use -nt option to specify number of threads because your CPU has 16 cores!
HINT: -nt AUTO will automatically determine the best number of threads to use.

Reading alignment file Rabv_Ph_designation/Alignment/Rabv_Ph_designation_combined_aligned.fasta ... Fasta format detected
Alignment most likely contains DNA/RNA sequences
WARNING: 422 sites contain only gaps or ambiguous characters.
Alignment has 108 sequences with 12296 columns, 1937 distinct patterns
1447 parsimony-informative, 625 singleton sites, 10224 constant sites
                            Gap/Ambiguity  Composition  p-value
   1  AB154220                     89.33%    passed     43.35%
   2  AF374721                     89.00%    passed     56.69%
   3  MH258839                     89.00%    passed     56.69%
   4  DQ787139                     89.00%    passed     65.01%
   5  DQ787140                     89.00%    passed     65.01%
   6  DQ787141                     89.00%    passed     65.01%
   7  DQ787142                     89.00%    passed     65.01%
   8  JN974825                     89.00%    passed     65.09%
   9  AB573762                     89.00%    passed     75.39%
  10  AB573763                     89.00%    passed     68.32%
  11  EU086200                     89.00%    passed     77.09%
  12  EU086201                     89.00%    passed     82.53%
  13  EU086202                     89.00%    passed     73.05%
  14  EU086203                     89.00%    passed     78.82%
  15  EU086204                     89.00%    passed     67.36%
  16  EU086205                     89.00%    passed     75.03%
  17  LC550018                     89.00%    passed     76.77%
  18  LC550019                     89.00%    passed     75.64%
  19  LC550020                     89.00%    passed     75.64%
  20  LC550021                     89.00%    passed     75.64%
  21  LC550022                     89.00%    passed     71.36%
  22  LC550023                     89.00%    passed     70.53%
  23  LC550024                     89.00%    passed     76.77%
  24  LC550025                     89.00%    passed     73.72%
  25  LC550026                     89.00%    passed     74.09%
  26  LC550027                     89.00%    passed     76.77%
  27  MN726844                     89.01%    passed     77.67%
  28  MN726850                     89.02%    passed     80.26%
  29  MN726856                     89.00%    passed     70.08%
  30  MN726865                     89.00%    passed     67.78%
  31  MN726870                     89.00%    passed     73.24%
  32  MN726872                     89.00%    passed     76.97%
  33  barcode01/ARTIC/medaka        7.09%    passed     98.98%
  34  barcode02/ARTIC/medaka        3.68%    passed     99.92%
  35  barcode26/ARTIC/medaka        6.92%    passed     99.10%
  36  barcode37/ARTIC/medaka        7.10%    passed     99.35%
  37  barcode85/ARTIC/medaka        5.47%    passed     99.39%
  38  barcode14/ARTIC/medaka        3.71%    passed     99.97%
  39  barcode61/ARTIC/medaka       17.46%    passed     99.14%
  40  barcode13/ARTIC/medaka       17.33%    passed     99.68%
  41  barcode25/ARTIC/medaka        7.86%    passed     95.40%
  42  barcode73/ARTIC/medaka       13.73%    passed     99.72%
  43  barcode49/ARTIC/medaka        5.61%    passed     95.70%
  44  14/ARTIC/medaka               8.75%    passed     96.14%
  45  153/ARTIC/medaka              5.38%    passed     99.48%
  46  19-30/ARTIC/medaka            7.22%    passed     97.03%
  47  19-40/ARTIC/medaka            3.81%    passed     99.54%
  48  COW/ARTIC/medaka              5.40%    passed     99.79%
  49  GOAT/ARTIC/medaka            12.26%    passed     86.46%
  50  RADDL3-1045/ARTIC/medaka      5.42%    passed     99.04%
  51  RADDL3-15-172/ARTIC/medaka    5.42%    passed     96.57%
  52  RADDL3-16-468/ARTIC/medaka    7.33%    passed     92.51%
  53  RADDL3-845/ARTIC/medaka       7.18%    passed     99.41%
  54  Z-12-012/ARTIC/medaka         7.08%    passed     99.35%
  55  Z-13-032/ARTIC/medaka        10.61%    passed     91.47%
  56  Z-13-094/ARTIC/medaka         3.72%    passed     99.91%
  57  Z-13-096/ARTIC/medaka         3.71%    passed     99.56%
  58  Z-14-033/ARTIC/medaka         5.42%    passed     97.35%
  59  Z-14-136/ARTIC/medaka         5.20%    passed     99.54%
  60  Z-14-182/ARTIC/medaka         5.41%    passed     96.68%
  61  Z-15-001/ARTIC/medaka         7.33%    passed     97.46%
  62  Z-16-082/ARTIC/medaka         7.19%    passed     99.59%
  63  Z-16-151/ARTIC/medaka         5.43%    passed     97.28%
  64  Z-16-209/ARTIC/medaka         7.19%    passed     98.27%
  65  Z-16-210/ARTIC/medaka         3.70%    passed     99.97%
  66  Z-16-211/ARTIC/medaka         3.73%    passed     99.86%
  67  4B-21-126/ARTIC/medaka        5.51%    passed     99.23%
  68  4B-22-114/ARTIC/medaka        5.52%    passed     99.16%
  69  4B-22-15/ARTIC/medaka         3.72%    passed     99.77%
  70  R10-920/ARTIC/medaka          9.03%    passed     98.31%
  71  R11-21-57/ARTIC/medaka       99.99%    passed     47.22%
  72  R11-21-61/ARTIC/medaka        3.85%    passed     96.91%
  73  R11-21-63/ARTIC/medaka        5.43%    passed     99.97%
  74  R1-21-148/ARTIC/medaka        5.43%    passed     97.00%
  75  R5-21-132/ARTIC/medaka        7.13%    passed     99.88%
  76  R6-21-4511/ARTIC/medaka       5.38%    passed     97.70%
  77  R6-21-4600/ARTIC/medaka       5.47%    passed     88.43%
  78  4B-21-29/ARTIC/medaka         5.52%    passed     99.47%
  79  4B-21-310/ARTIC/medaka        5.23%    passed     99.31%
  80  4B-21-35/ARTIC/medaka         5.24%    passed     99.14%
  81  4B-21-412/ARTIC/medaka        3.71%    passed     99.73%
  82  4B-21-421/ARTIC/medaka        5.52%    passed     99.52%
  83  4B-21-423/ARTIC/medaka        7.22%    passed     99.86%
  84  4B-21-528/ARTIC/medaka        5.55%    passed     98.10%
  85  R3-21-0467/ARTIC/medaka      32.99%    passed     93.69%
  86  R5-21-115/ARTIC/medaka        3.72%    passed     99.22%
  87  R5-21-119/ARTIC/medaka        3.69%    passed     99.27%
  88  R5-21-128/ARTIC/medaka        3.68%    passed     99.09%
  89  4A-22-104/ARTIC/medaka       12.05%    passed     99.11%
  90  4A-22-40/ARTIC/medaka        12.05%    passed     99.11%
  91  4A-22-98/ARTIC/medaka        12.05%    passed     99.11%
  92  4B-21622/ARTIC/medaka         7.04%    passed     96.58%
  93  4B-2422/ARTIC/medaka          5.42%    passed     99.70%
  94  4B-2922HM/ARTIC/medaka        7.03%    passed     96.12%
  95  4B-2922JG/ARTIC/medaka        5.51%    passed     99.37%
  96  H22-01/ARTIC/medaka          15.45%    passed     99.31%
  97  R10-714/ARTIC/medaka         17.44%    passed     84.18%
  98  R10-907/ARTIC/medaka          8.99%    passed     97.86%
  99  R2-081/ARTIC/medaka           7.00%    passed     93.79%
 100  R3-0483/ARTIC/medaka         12.05%    passed     99.11%
 101  R3-731/ARTIC/medaka           5.42%    passed     98.83%
 102  R5-09/ARTIC/medaka            3.68%    passed     97.99%
 103  R6-4342/ARTIC/medaka         10.97%    passed     86.00%
 104  R6-4568/ARTIC/medaka          9.19%    passed     97.49%
 105  R9-010/ARTIC/medaka           9.02%    passed     98.77%
 106  R9-074/ARTIC/medaka           5.90%    passed     99.06%
 107  R9-089/ARTIC/medaka           9.65%    passed     99.37%
 108  R9-105/ARTIC/medaka          18.01%    passed     94.52%
WARNING: 33 sequences contain more than 50% gaps/ambiguity
****  TOTAL                        32.60%  0 sequences failed composition chi2 test (p-value<5%; df=3)
NOTE: MH258839 is identical to AF374721 but kept for subsequent analysis
NOTE: DQ787140 is identical to DQ787139 but kept for subsequent analysis
NOTE: LC550024 is identical to LC550018 but kept for subsequent analysis
NOTE: LC550020 is identical to LC550019 but kept for subsequent analysis
NOTE: 4A-22-40/ARTIC/medaka is identical to 4A-22-104/ARTIC/medaka but kept for subsequent analysis
NOTE: 6 identical sequences (see below) will be ignored for subsequent analysis
NOTE: DQ787141 (identical to DQ787139) is ignored but added at the end
NOTE: DQ787142 (identical to DQ787139) is ignored but added at the end
NOTE: LC550027 (identical to LC550018) is ignored but added at the end
NOTE: LC550021 (identical to LC550019) is ignored but added at the end
NOTE: 4A-22-98/ARTIC/medaka (identical to 4A-22-104/ARTIC/medaka) is ignored but added at the end
NOTE: R3-0483/ARTIC/medaka (identical to 4A-22-104/ARTIC/medaka) is ignored but added at the end
Alignment was printed to Rabv_Ph_designation/Alignment/Rabv_Ph_designation_combined_aligned.fasta.uniqueseq.phy

For your convenience alignment with unique sequences printed to Rabv_Ph_designation/Alignment/Rabv_Ph_designation_combined_aligned.fasta.uniqueseq.phy

Creating fast initial parsimony tree by random order stepwise addition...
0.030 seconds, parsimony score: 3171 (based on 2072 sites)
Perform fast likelihood tree search using GTR+I+G model...
Estimate model parameters (epsilon = 5.000)
Perform nearest neighbor interchange...
Estimate model parameters (epsilon = 1.000)
1. Initial log-likelihood: -36785.295
Optimal log-likelihood: -36783.968
Rate parameters:  A-C: 1.57032  A-G: 9.26503  A-T: 0.54315  C-G: 0.19684  C-T: 12.95175  G-T: 1.00000
Base frequencies:  A: 0.284  C: 0.221  G: 0.234  T: 0.260
Proportion of invariable sites: 0.416
Gamma shape alpha: 0.589
Parameters optimization took 1 rounds (0.289 sec)
Time for fast ML tree search: 4.098 seconds

NOTE: ModelFinder requires 71 MB RAM!
ModelFinder will test up to 286 DNA models (sample size: 12296) ...
 No. Model         -LnL         df  AIC          AICc         BIC
  1  GTR+F         37552.768    209 75523.536    75530.799    77073.695
  2  GTR+F+I       36817.753    210 74055.506    74062.839    75613.082
  3  GTR+F+G4      36792.631    210 74005.263    74012.596    75562.839
  4  GTR+F+I+G4    36783.494    211 73988.988    73996.392    75553.981
  5  GTR+F+R2      36787.382    211 73996.765    74004.168    75561.758
  6  GTR+F+R3      36784.665    213 73995.330    74002.875    75575.157
 16  SYM+G4        36854.954    207 74123.908    74131.031    75659.233
 17  SYM+I+G4      36845.384    208 74106.769    74113.962    75649.511
 18  SYM+R2        36850.138    208 74116.276    74123.469    75659.018
 29  TVM+F+G4      36815.351    209 74048.702    74055.965    75598.861
 30  TVM+F+I+G4    36806.676    210 74033.352    74040.685    75590.928
 31  TVM+F+R2      36814.237    210 74048.475    74055.808    75606.051
 42  TVMe+G4       36868.189    206 74148.377    74155.432    75676.285
 43  TVMe+I+G4     36859.016    207 74132.031    74139.155    75667.356
 44  TVMe+R2       36866.431    207 74146.862    74153.986    75682.188
 55  TIM3+F+G4     36860.353    208 74136.705    74143.898    75679.447
 56  TIM3+F+I+G4   36850.887    209 74119.773    74127.036    75669.932
 57  TIM3+F+R2     36853.982    209 74125.965    74133.228    75676.124
 68  TIM3e+G4      36929.523    205 74269.047    74276.033    75789.538
 69  TIM3e+I+G4    36919.773    206 74251.546    74258.600    75779.454
 70  TIM3e+R2      36923.575    206 74259.150    74266.204    75787.058
 81  TIM2+F+G4     36851.293    208 74118.586    74125.779    75661.328
 82  TIM2+F+I+G4   36841.699    209 74101.397    74108.660    75651.557
 83  TIM2+F+R2     36844.971    209 74107.942    74115.205    75658.101
 94  TIM2e+G4      36911.494    205 74232.988    74239.974    75753.479
 95  TIM2e+I+G4    36901.412    206 74214.825    74221.880    75742.733
 96  TIM2e+R2      36905.565    206 74223.130    74230.185    75751.038
107  TIM+F+G4      36808.640    208 74033.280    74040.473    75576.022
108  TIM+F+I+G4    36799.596    209 74017.192    74024.455    75567.351
109  TIM+F+R2      36803.510    209 74025.021    74032.284    75575.180
120  TIMe+G4       36877.116    205 74164.232    74171.217    75684.723
121  TIMe+I+G4     36867.778    206 74147.557    74154.611    75675.465
122  TIMe+R2       36872.214    206 74156.428    74163.483    75684.337
133  TPM3u+F+G4    36882.942    207 74179.884    74187.007    75715.209
134  TPM3u+F+I+G4  36873.899    208 74163.798    74170.992    75706.540
135  TPM3u+F+R2    36880.593    208 74177.187    74184.380    75719.929
146  TPM3+F+G4     36882.942    207 74179.884    74187.007    75715.209
147  TPM3+F+I+G4   36873.899    208 74163.798    74170.992    75706.540
148  TPM3+F+R2     36880.593    208 74177.187    74184.380    75719.929
159  TPM2u+F+G4    36873.781    207 74161.562    74168.685    75696.887
160  TPM2u+F+I+G4  36864.580    208 74145.159    74152.352    75687.901
161  TPM2u+F+R2    36871.400    208 74158.800    74165.993    75701.542
172  TPM2+F+G4     36873.781    207 74161.562    74168.685    75696.887
173  TPM2+F+I+G4   36864.580    208 74145.159    74152.352    75687.901
174  TPM2+F+R2     36871.400    208 74158.800    74165.993    75701.542
185  K3Pu+F+G4     36831.183    207 74076.366    74083.489    75611.691
186  K3Pu+F+I+G4   36822.607    208 74061.214    74068.407    75603.956
187  K3Pu+F+R2     36830.026    208 74076.053    74083.246    75618.795
198  K3P+G4        36890.592    204 74189.184    74196.101    75702.258
199  K3P+I+G4      36881.708    205 74173.415    74180.401    75693.906
200  K3P+R2        36888.764    205 74187.527    74194.513    75708.018
211  TN+F+G4       36862.921    207 74139.843    74146.967    75675.168
212  TN+F+I+G4     36853.563    208 74123.125    74130.319    75665.868
213  TN+F+R2       36856.795    208 74129.590    74136.783    75672.332
224  TNe+G4        36930.124    204 74268.248    74275.166    75781.322
225  TNe+I+G4      36920.441    205 74250.882    74257.868    75771.373
226  TNe+R2        36924.201    205 74258.401    74265.387    75778.892
237  HKY+F+G4      36885.367    206 74182.734    74189.789    75710.643
238  HKY+F+I+G4    36876.417    207 74166.835    74173.959    75702.160
239  HKY+F+R2      36883.226    207 74180.452    74187.576    75715.777
250  K2P+G4        36943.577    203 74293.154    74300.004    75798.811
251  K2P+I+G4      36934.291    204 74276.583    74283.500    75789.657
252  K2P+R2        36940.778    204 74289.555    74296.473    75802.629
263  F81+F+G4      38800.735    205 78011.470    78018.456    79531.961
264  F81+F+I+G4    38794.353    206 78000.706    78007.761    79528.614
265  F81+F+R2      38798.686    206 78009.373    78016.427    79537.281
276  JC+G4         38844.959    202 78093.918    78100.699    79592.158
277  JC+I+G4       38838.455    203 78082.910    78089.760    79588.567
278  JC+R2         38843.292    203 78092.585    78099.434    79598.242
Akaike Information Criterion:           GTR+F+I+G4
Corrected Akaike Information Criterion: GTR+F+I+G4
Bayesian Information Criterion:         GTR+F+I+G4
Best-fit model: GTR+F+I+G4 chosen according to BIC

All model information printed to Rabv_Ph_designation/Alignment/Rabv_Ph_designation_combined_aligned.fasta.model.gz
CPU time for ModelFinder: 224.638 seconds (0h:3m:44s)
Wall-clock time for ModelFinder: 224.918 seconds (0h:3m:44s)
Generating 1000 samples for ultrafast bootstrap (seed: 121479)...

NOTE: 33 MB RAM (0 GB) is required!
Estimate model parameters (epsilon = 0.100)
Thoroughly optimizing +I+G parameters from 10 start values...
Init pinv, alpha: 0.000, 0.589 / Estimate: 0.000, 0.189 / LogL: -36792.628
Init pinv, alpha: 0.092, 0.589 / Estimate: 0.093, 0.231 / LogL: -36788.425
Init pinv, alpha: 0.185, 0.589 / Estimate: 0.186, 0.289 / LogL: -36785.689
Init pinv, alpha: 0.277, 0.589 / Estimate: 0.278, 0.370 / LogL: -36784.153
Init pinv, alpha: 0.370, 0.589 / Estimate: 0.370, 0.495 / LogL: -36783.537
Init pinv, alpha: 0.462, 0.589 / Estimate: 0.461, 0.711 / LogL: -36783.605
Init pinv, alpha: 0.554, 0.589 / Estimate: 0.549, 1.148 / LogL: -36784.682
Init pinv, alpha: 0.647, 0.589 / Estimate: 0.603, 1.743 / LogL: -36787.052
Init pinv, alpha: 0.739, 0.589 / Estimate: 0.603, 1.749 / LogL: -36787.150
Init pinv, alpha: 0.831, 0.589 / Estimate: 0.604, 1.756 / LogL: -36787.343
Optimal pinv,alpha: 0.370, 0.495 / LogL: -36783.537

Parameters optimization took 113.069 sec
Computing ML distances based on estimated model parameters... 0.860 sec
Computing BIONJ tree...
0.017 seconds
Log-likelihood of BIONJ tree: -36947.534
--------------------------------------------------------------------
|             INITIALIZING CANDIDATE TREE SET                      |
--------------------------------------------------------------------
Generating 98 parsimony trees... 9.327 second
Computing log-likelihood of 98 initial trees ... 15.789 seconds
Current best score: -36783.537

Do NNI search on 20 best initial trees
Estimate model parameters (epsilon = 0.100)
BETTER TREE FOUND at iteration 1: -36783.533
Estimate model parameters (epsilon = 0.100)
BETTER TREE FOUND at iteration 2: -36767.458
Iteration 10 / LogL: -36770.114 / Time: 0h:2m:36s
Iteration 20 / LogL: -36783.914 / Time: 0h:2m:48s
Finish initializing candidate tree set (20)
Current best tree score: -36767.458 / CPU time: 52.296
Number of iterations: 20
--------------------------------------------------------------------
|               OPTIMIZING CANDIDATE TREE SET                      |
--------------------------------------------------------------------
BETTER TREE FOUND at iteration 23: -36767.452
Iteration 30 / LogL: -36772.546 / Time: 0h:3m:1s (0h:9m:40s left)
Iteration 40 / LogL: -36769.735 / Time: 0h:3m:14s (0h:6m:54s left)
Iteration 50 / LogL: -36767.518 / Time: 0h:3m:28s (0h:5m:11s left)
Log-likelihood cutoff on original alignment: -36811.841
Iteration 60 / LogL: -36770.211 / Time: 0h:3m:43s (0h:3m:58s left)
Iteration 70 / LogL: -36767.965 / Time: 0h:3m:57s (0h:3m:2s left)
Iteration 80 / LogL: -36767.483 / Time: 0h:4m:10s (0h:2m:16s left)
Iteration 90 / LogL: -36767.981 / Time: 0h:4m:21s (0h:1m:36s left)
Iteration 100 / LogL: -36767.484 / Time: 0h:4m:34s (0h:1m:3s left)
Log-likelihood cutoff on original alignment: -36811.841
NOTE: Bootstrap correlation coefficient of split occurrence frequencies: 0.998
Iteration 110 / LogL: -36779.494 / Time: 0h:4m:48s (0h:3m:57s left)
Iteration 120 / LogL: -36771.162 / Time: 0h:5m:0s (0h:3m:21s left)
TREE SEARCH COMPLETED AFTER 124 ITERATIONS / Time: 0h:5m:5s

--------------------------------------------------------------------
|                    FINALIZING TREE SEARCH                        |
--------------------------------------------------------------------
Performs final model parameters optimization
Estimate model parameters (epsilon = 0.010)
1. Initial log-likelihood: -36767.452
Optimal log-likelihood: -36767.449
Rate parameters:  A-C: 1.55149  A-G: 9.20934  A-T: 0.54553  C-G: 0.20543  C-T: 12.76946  G-T: 1.00000
Base frequencies:  A: 0.284  C: 0.221  G: 0.234  T: 0.260
Proportion of invariable sites: 0.370
Gamma shape alpha: 0.495
Parameters optimization took 1 rounds (0.177 sec)
BEST SCORE FOUND : -36767.449
Creating bootstrap support values...
Split supports printed to NEXUS file Rabv_Ph_designation/Alignment/Rabv_Ph_designation_combined_aligned.fasta.splits.nex
Total tree length: 0.750

Total number of iterations: 124
CPU time used for tree search: 187.119 sec (0h:3m:7s)
Wall-clock time used for tree search: 189.327 sec (0h:3m:9s)
Total CPU time used: 303.625 sec (0h:5m:3s)
Total wall-clock time used: 305.928 sec (0h:5m:5s)

Computing bootstrap consensus tree...
Reading input file Rabv_Ph_designation/Alignment/Rabv_Ph_designation_combined_aligned.fasta.splits.nex...
102 taxa and 722 splits.
Consensus tree written to Rabv_Ph_designation/Alignment/Rabv_Ph_designation_combined_aligned.fasta.contree
Reading input trees file Rabv_Ph_designation/Alignment/Rabv_Ph_designation_combined_aligned.fasta.contree
Log-likelihood of consensus tree: -36767.632

Analysis results written to: 
  IQ-TREE report:                Rabv_Ph_designation/Alignment/Rabv_Ph_designation_combined_aligned.fasta.iqtree
  Maximum-likelihood tree:       Rabv_Ph_designation/Alignment/Rabv_Ph_designation_combined_aligned.fasta.treefile
  Likelihood distances:          Rabv_Ph_designation/Alignment/Rabv_Ph_designation_combined_aligned.fasta.mldist

Ultrafast bootstrap approximation results written to:
  Split support values:          Rabv_Ph_designation/Alignment/Rabv_Ph_designation_combined_aligned.fasta.splits.nex
  Consensus tree:                Rabv_Ph_designation/Alignment/Rabv_Ph_designation_combined_aligned.fasta.contree
  Screen log file:               Rabv_Ph_designation/Alignment/Rabv_Ph_designation_combined_aligned.fasta.log

Date and Time: Thu Mar 31 14:45:49 2022
