IQ-TREE multicore version 2.0.3 for Linux 64-bit built Dec 20 2020
Developed by Bui Quang Minh, Nguyen Lam Tung, Olga Chernomor,
Heiko Schmidt, Dominik Schrempf, Michael Woodhams.

Host:    essel-Standard (AVX2, FMA3, 31 GB RAM)
Command: iqtree -s 4B_designation/Alignment/4B_designation_combined_aligned.fasta -B 1000
Seed:    895005 (Using SPRNG - Scalable Parallel Random Number Generator)
Time:    Wed Mar 15 16:29:56 2023
Kernel:  AVX+FMA - 1 threads (16 CPU cores detected)

HINT: Use -nt option to specify number of threads because your CPU has 16 cores!
HINT: -nt AUTO will automatically determine the best number of threads to use.

Reading alignment file 4B_designation/Alignment/4B_designation_combined_aligned.fasta ... Fasta format detected
Alignment most likely contains DNA/RNA sequences
WARNING: 110 sites contain only gaps or ambiguous characters.
Alignment has 131 sequences with 11937 columns, 827 distinct patterns
636 parsimony-informative, 252 singleton sites, 11049 constant sites
              Gap/Ambiguity  Composition  p-value
   1  AB573762       88.67%    passed     81.93%
   2  AB573763       88.67%    passed     75.61%
   3  EU086200       88.67%    passed     83.04%
   4  EU086201       88.67%    passed     86.58%
   5  EU086202       88.67%    passed     79.56%
   6  EU086203       88.67%    passed     83.56%
   7  EU086204       88.67%    passed     73.09%
   8  EU086205       88.67%    passed     81.67%
   9  KX148259       88.67%    passed     82.93%
  10  KX148260       88.67%    passed     81.67%
  11  KX148261       88.67%    passed     75.34%
  12  KX148262       88.67%    passed     81.84%
  13  KX148263       88.67%    passed     70.77%
  14  LC550018       88.67%    passed     83.18%
  15  LC550019       88.67%    passed     82.30%
  16  LC550020       88.67%    passed     82.30%
  17  LC550021       88.67%    passed     82.30%
  18  LC550022       88.67%    passed     77.87%
  19  LC550023       88.67%    passed     77.38%
  20  LC550024       88.67%    passed     83.18%
  21  LC550025       88.67%    passed     80.39%
  22  LC550026       88.67%    passed     80.86%
  23  LC550027       88.67%    passed     83.18%
  24  LC571945       88.67%    passed     81.93%
  25  LC571946       88.67%    passed     81.93%
  26  MN726836       88.67%    passed     76.01%
  27  MN726837       88.67%    passed     81.60%
  28  MN726838       88.67%    passed     74.56%
  29  MN726839       88.67%    passed     76.63%
  30  MN726840       88.67%    passed     81.21%
  31  MN726841       88.67%    passed     84.94%
  32  MN726842       88.67%    passed     74.29%
  33  MN726843       88.78%    passed     73.30%
  34  MN726844       88.68%    passed     83.89%
  35  MN726845       88.67%    passed     83.24%
  36  MN726846       88.67%    passed     78.47%
  37  MN726847       88.67%    passed     78.72%
  38  MN726848       88.67%    passed     71.45%
  39  MN726850       88.69%    passed     86.02%
  40  MN726851       88.67%    passed     76.01%
  41  MN726852       88.67%    passed     75.71%
  42  MN726853       88.67%    passed     77.41%
  43  MN726854       88.67%    passed     76.01%
  44  MN726855       88.67%    passed     75.61%
  45  MN726856       88.67%    passed     77.41%
  46  MN726858       88.67%    passed     78.47%
  47  MN726859       88.67%    passed     83.18%
  48  MN726860       88.68%    passed     76.99%
  49  MN726861       88.67%    passed     77.41%
  50  MN726862       88.67%    passed     82.18%
  51  MN726863       88.67%    passed     82.53%
  52  MN726864       88.67%    passed     83.24%
  53  MN726865       88.67%    passed     75.13%
  54  MN726866       88.67%    passed     74.32%
  55  MN726867       88.67%    passed     79.72%
  56  MN726868       88.67%    passed     74.79%
  57  MN726869       88.67%    passed     77.31%
  58  MN726870       88.67%    passed     78.76%
  59  MN726871       88.67%    passed     74.56%
  60  MN726872       88.67%    passed     82.27%
  61  MN726873       88.67%    passed     82.42%
  62  MN726874       88.67%    passed     72.34%
  63  MN726875       88.67%    passed     78.26%
  64  MN726876       88.67%    passed     74.51%
  65  MN726877       88.68%    passed     82.50%
  66  MN726879       88.67%    passed     83.13%
  67  MN726880       88.67%    passed     74.29%
  68  MN726881       88.67%    passed     77.31%
  69  MN726882       88.67%    passed     76.01%
  70  MN857167       88.67%    passed     83.09%
  71  MN857168       88.67%    passed     83.25%
  72  MN857169       88.67%    passed     73.03%
  73  MN857170       88.67%    passed     84.14%
  74  MN857171       88.67%    passed     82.30%
  75  KF620487       88.67%    passed     70.87%
  76  KF620488       88.67%    passed     87.93%
  77  KF620489       88.67%    passed     55.50%
  78  KP860149       88.67%    passed     55.50%
  79  KP860153       88.67%    passed     59.61%
  80  4A-22-104       2.68%    passed     89.93%
  81  4A-22-171       2.69%    passed     97.40%
  82  4A-22-203       7.39%    passed     93.06%
  83  4A-22-40        7.10%    passed     71.85%
  84  4A-22-98        2.99%    passed     96.21%
  85  4B-21-126       2.97%    passed     97.67%
  86  4B-21-29        2.97%    passed     97.32%
  87  4B-21-310       2.69%    passed     93.90%
  88  4B-21-35        2.68%    passed     92.05%
  89  4B-21-412       0.95%    passed     96.77%
  90  4B-21-421       2.97%    passed     97.82%
  91  4B-21-423       4.68%    passed     98.46%
  92  4B-21-528       3.03%    passed     91.07%
  93  4B-21622        4.72%    passed     83.68%
  94  4B-22-114       2.97%    passed     97.41%
  95  4B-22-13        4.69%    passed     97.34%
  96  4B-22-15        0.95%    passed     96.53%
  97  4B-22-16        4.69%    passed     98.22%
  98  4B-22-17        8.23%    passed     88.44%
  99  4B-22-20        6.43%    passed     84.95%
 100  4B-22-21        9.67%    passed     92.96%
 101  4B-22-28        2.67%    passed     96.90%
 102  4B-22-30       31.66%    passed     57.51%
 103  4B-22-31        4.90%    passed     96.92%
 104  4B-22-35        4.72%    passed     98.11%
 105  4B-22-37        2.75%    passed     95.44%
 106  4B-22-39        2.71%    passed     95.18%
 107  4B-22-40        6.48%    passed     79.85%
 108  4B-22-41        5.45%    passed     92.24%
 109  4B-22-42        2.69%    passed     94.15%
 110  4B-22-44        2.71%    passed     94.81%
 111  4B-22-45        2.75%    passed     95.63%
 112  4B-23-01        2.69%    passed     94.54%
 113  4B-23-02        2.69%    passed     94.76%
 114  4B-23-03        0.96%    passed     95.49%
 115  4B-23-04        0.96%    passed     95.18%
 116  4B-23-05        2.71%    passed     94.21%
 117  4B-23-06        2.68%    passed     94.50%
 118  4B-23-07        2.69%    passed     93.48%
 119  4B-23-11        2.70%    passed     94.65%
 120  4B-23-13        2.67%    passed     94.25%
 121  4B-23-15        2.71%    passed     93.51%
 122  4B-23-16        2.83%    passed     93.63%
 123  4B-23-17        2.70%    passed     94.15%
 124  4B-23-19        2.69%    passed     93.60%
 125  4B-2422         2.67%    passed     96.22%
 126  4B-2922HM       4.72%    passed     81.40%
 127  4B-2922JG       2.97%    passed     93.99%
 128  H-23-011Sa11   74.35%    failed      2.49%
 129  H-23-011Sk12   12.12%    passed     98.43%
 130  Z-22-103        2.71%    passed     95.18%
 131  Z-22-121       11.59%    passed     92.59%
WARNING: 80 sequences contain more than 50% gaps/ambiguity
****  TOTAL          55.77%  1 sequences failed composition chi2 test (p-value<5%; df=3)
NOTE: LC571945 is identical to AB573762 but kept for subsequent analysis
NOTE: KX148260 is identical to EU086205 but kept for subsequent analysis
NOTE: LC550024 is identical to LC550018 but kept for subsequent analysis
NOTE: LC550020 is identical to LC550019 but kept for subsequent analysis
NOTE: MN726871 is identical to MN726838 but kept for subsequent analysis
NOTE: MN726880 is identical to MN726842 but kept for subsequent analysis
NOTE: MN726854 is identical to MN726851 but kept for subsequent analysis
NOTE: MN726861 is identical to MN726856 but kept for subsequent analysis
NOTE: 4 identical sequences (see below) will be ignored for subsequent analysis
NOTE: LC571946 (identical to AB573762) is ignored but added at the end
NOTE: LC550027 (identical to LC550018) is ignored but added at the end
NOTE: LC550021 (identical to LC550019) is ignored but added at the end
NOTE: MN726882 (identical to MN726851) is ignored but added at the end
Alignment was printed to 4B_designation/Alignment/4B_designation_combined_aligned.fasta.uniqueseq.phy

For your convenience alignment with unique sequences printed to 4B_designation/Alignment/4B_designation_combined_aligned.fasta.uniqueseq.phy


Create initial parsimony tree by phylogenetic likelihood library (PLL)... 0.009 seconds
Perform fast likelihood tree search using GTR+I+G model...
Estimate model parameters (epsilon = 5.000)
Perform nearest neighbor interchange...
Estimate model parameters (epsilon = 1.000)
1. Initial log-likelihood: -24224.611
Optimal log-likelihood: -24224.607
Rate parameters:  A-C: 1.46225  A-G: 10.06979  A-T: 0.65495  C-G: 0.21336  C-T: 13.80956  G-T: 1.00000
Base frequencies:  A: 0.285  C: 0.220  G: 0.236  T: 0.259
Proportion of invariable sites: 0.463
Gamma shape alpha: 0.714
Parameters optimization took 1 rounds (0.075 sec)
Time for fast ML tree search: 1.341 seconds

NOTE: ModelFinder requires 37 MB RAM!
ModelFinder will test up to 286 DNA models (sample size: 11937) ...
 No. Model         -LnL         df  AIC          AICc         BIC
  1  GTR+F         24397.680    259 49313.359    49324.893    51226.696
  2  GTR+F+I       24233.116    260 48986.232    48997.856    50906.956
  3  GTR+F+G4      24228.303    260 48976.606    48988.230    50897.329
  4  GTR+F+I+G4    24224.616    261 48971.232    48982.946    50899.343
  5  GTR+F+R2      24224.636    261 48971.272    48982.986    50899.383
  6  GTR+F+R3      24224.697    263 48975.393    48987.290    50918.279
 15  SYM+I         24293.895    257 49101.789    49113.144    51000.351
 16  SYM+G4        24289.088    257 49092.176    49103.531    50990.738
 17  SYM+I+G4      24285.190    258 49086.380    49097.824    50992.328
 18  SYM+R2        24285.016    258 49086.033    49097.477    50991.981
 28  TVM+F+I       24241.958    259 49001.915    49013.449    50915.251
 29  TVM+F+G4      24237.775    259 48993.549    49005.083    50906.885
 30  TVM+F+I+G4    24233.909    260 48987.818    48999.441    50908.541
 31  TVM+F+R2      24234.659    260 48989.318    49000.942    50910.041
 41  TVMe+I        24298.536    256 49109.071    49120.337    51000.245
 42  TVMe+G4       24294.212    256 49100.423    49111.689    50991.597
 43  TVMe+I+G4     24290.242    257 49094.484    49105.838    50993.045
 44  TVMe+R2       24290.602    257 49095.203    49106.558    50993.765
 54  TIM3+F+I      24252.350    258 49020.700    49032.144    50926.648
 55  TIM3+F+G4     24247.546    258 49011.092    49022.536    50917.041
 56  TIM3+F+I+G4   24243.842    259 49005.683    49017.217    50919.020
 57  TIM3+F+R2     24243.888    259 49005.775    49017.309    50919.111
 67  TIM3e+I       24315.141    255 49140.281    49151.458    51024.068
 68  TIM3e+G4      24310.339    255 49130.677    49141.854    51014.464
 69  TIM3e+I+G4    24306.457    256 49124.915    49136.180    51016.089
 70  TIM3e+R2      24306.320    256 49124.639    49135.905    51015.813
 80  TIM2+F+I      24248.480    258 49012.960    49024.404    50918.909
 81  TIM2+F+G4     24243.713    258 49003.426    49014.870    50909.375
 82  TIM2+F+I+G4   24240.021    259 48998.043    49009.577    50911.379
 83  TIM2+F+R2     24240.072    259 48998.144    49009.677    50911.480
 93  TIM2e+I       24309.033    255 49128.065    49139.242    51011.852
 94  TIM2e+G4      24304.263    255 49118.527    49129.704    51002.313
 95  TIM2e+I+G4    24300.387    256 49112.775    49124.041    51003.949
 96  TIM2e+R2      24300.278    256 49112.556    49123.822    51003.730
106  TIM+F+I       24239.366    258 48994.732    49006.176    50900.680
107  TIM+F+G4      24234.491    258 48984.982    48996.426    50890.931
108  TIM+F+I+G4    24230.780    259 48979.559    48991.093    50892.895
109  TIM+F+R2      24230.760    259 48979.519    48991.053    50892.856
119  TIMe+I        24302.371    255 49114.741    49125.919    50998.528
120  TIMe+G4       24297.524    255 49105.047    49116.224    50988.834
121  TIMe+I+G4     24293.669    256 49099.338    49110.604    50990.512
122  TIMe+R2       24293.461    256 49098.921    49110.187    50990.095
132  TPM3u+F+I     24261.202    257 49036.405    49047.759    50934.966
133  TPM3u+F+G4    24256.997    257 49027.994    49039.349    50926.555
134  TPM3u+F+I+G4  24253.107    258 49022.214    49033.658    50928.163
135  TPM3u+F+R2    24253.891    258 49023.781    49035.225    50929.730
145  TPM3+F+I      24261.202    257 49036.405    49047.759    50934.966
146  TPM3+F+G4     24256.997    257 49027.994    49039.349    50926.555
147  TPM3+F+I+G4   24253.107    258 49022.214    49033.658    50928.163
148  TPM3+F+R2     24253.891    258 49023.781    49035.225    50929.730
158  TPM2u+F+I     24257.303    257 49028.605    49039.960    50927.167
159  TPM2u+F+G4    24253.172    257 49020.345    49031.699    50918.906
160  TPM2u+F+I+G4  24249.315    258 49014.629    49026.073    50920.578
161  TPM2u+F+R2    24250.160    258 49016.319    49027.763    50922.268
171  TPM2+F+I      24257.303    257 49028.605    49039.960    50927.167
172  TPM2+F+G4     24253.172    257 49020.345    49031.699    50918.906
173  TPM2+F+I+G4   24249.315    258 49014.629    49026.073    50920.578
174  TPM2+F+R2     24250.160    258 49016.319    49027.763    50922.268
184  K3Pu+F+I      24248.190    257 49010.380    49021.735    50908.942
185  K3Pu+F+G4     24243.931    257 49001.861    49013.216    50900.423
186  K3Pu+F+I+G4   24240.021    258 48996.041    49007.485    50901.990
187  K3Pu+F+R2     24240.754    258 48997.508    49008.952    50903.457
197  K3P+I         24307.050    254 49122.101    49133.190    50998.500
198  K3P+G4        24302.703    254 49113.407    49124.495    50989.806
199  K3P+I+G4      24298.762    255 49107.524    49118.701    50991.310
200  K3P+R2        24299.082    255 49108.165    49119.342    50991.951
210  TN+F+I        24252.438    257 49018.876    49030.230    50917.437
211  TN+F+G4       24247.639    257 49009.278    49020.632    50907.839
212  TN+F+I+G4     24243.937    258 49003.874    49015.318    50909.823
213  TN+F+R2       24243.982    258 49003.963    49015.407    50909.912
223  TNe+I         24315.077    254 49138.154    49149.243    51014.553
224  TNe+G4        24310.287    254 49128.575    49139.664    51004.974
225  TNe+I+G4      24306.441    255 49122.882    49134.059    51006.669
226  TNe+R2        24306.314    255 49122.628    49133.805    51006.414
236  HKY+F+I       24261.257    256 49034.513    49045.779    50925.687
237  HKY+F+G4      24257.074    256 49026.147    49037.413    50917.321
238  HKY+F+I+G4    24253.182    257 49020.363    49031.718    50918.924
239  HKY+F+R2      24253.982    257 49021.965    49033.319    50920.526
249  K2P+I         24319.744    253 49145.487    49156.488    51014.499
250  K2P+G4        24315.461    253 49136.921    49147.922    51005.933
251  K2P+I+G4      24311.533    254 49131.065    49142.154    51007.464
252  K2P+R2        24311.959    254 49131.919    49143.008    51008.318
262  F81+F+I       24973.632    255 50457.264    50468.441    52341.051
263  F81+F+G4      24970.193    255 50450.386    50461.563    52334.172
264  F81+F+I+G4    24967.854    256 50447.709    50458.974    52338.883
265  F81+F+R2      24968.765    256 50449.529    50460.795    52340.703
275  JC+I          25028.683    252 50561.367    50572.280    52422.991
276  JC+G4         25025.220    252 50554.441    50565.354    52416.065
277  JC+I+G4       25022.775    253 50551.549    50562.550    52420.561
278  JC+R2         25023.654    253 50553.309    50564.310    52422.320
Akaike Information Criterion:           GTR+F+I+G4
Corrected Akaike Information Criterion: GTR+F+I+G4
Bayesian Information Criterion:         TIM+F+G4
Best-fit model: TIM+F+G4 chosen according to BIC

All model information printed to 4B_designation/Alignment/4B_designation_combined_aligned.fasta.model.gz
CPU time for ModelFinder: 96.764 seconds (0h:1m:36s)
Wall-clock time for ModelFinder: 96.964 seconds (0h:1m:36s)
Generating 1000 samples for ultrafast bootstrap (seed: 895005)...

NOTE: 16 MB RAM (0 GB) is required!
Estimate model parameters (epsilon = 0.100)
1. Initial log-likelihood: -24234.491
Optimal log-likelihood: -24234.491
Rate parameters:  A-C: 1.00000  A-G: 8.14527  A-T: 0.38186  C-G: 0.38186  C-T: 11.14697  G-T: 1.00000
Base frequencies:  A: 0.285  C: 0.220  G: 0.236  T: 0.259
Gamma shape alpha: 0.192
Parameters optimization took 1 rounds (0.062 sec)
Computing ML distances based on estimated model parameters... 0.134 sec
Computing BIONJ tree...
0.005 seconds
Log-likelihood of BIONJ tree: -24378.114
--------------------------------------------------------------------
|             INITIALIZING CANDIDATE TREE SET                      |
--------------------------------------------------------------------
Generating 98 parsimony trees... 1.275 second
Computing log-likelihood of 98 initial trees ... 1.709 seconds
Current best score: -24234.491

Do NNI search on 20 best initial trees
Estimate model parameters (epsilon = 0.100)
BETTER TREE FOUND at iteration 1: -24234.491
Estimate model parameters (epsilon = 0.100)
BETTER TREE FOUND at iteration 3: -24232.085
Iteration 10 / LogL: -24232.590 / Time: 0h:0m:11s
Estimate model parameters (epsilon = 0.100)
BETTER TREE FOUND at iteration 15: -24231.869
Estimate model parameters (epsilon = 0.100)
BETTER TREE FOUND at iteration 19: -24230.559
Iteration 20 / LogL: -24237.448 / Time: 0h:0m:20s
Finish initializing candidate tree set (20)
Current best tree score: -24230.559 / CPU time: 20.042
Number of iterations: 20
--------------------------------------------------------------------
|               OPTIMIZING CANDIDATE TREE SET                      |
--------------------------------------------------------------------
Iteration 30 / LogL: -24234.216 / Time: 0h:0m:28s (0h:1m:26s left)
Iteration 40 / LogL: -24240.594 / Time: 0h:0m:36s (0h:1m:13s left)
Iteration 50 / LogL: -24230.644 / Time: 0h:0m:44s (0h:1m:3s left)
Log-likelihood cutoff on original alignment: -24271.544
Iteration 60 / LogL: -24230.617 / Time: 0h:0m:52s (0h:0m:52s left)
Iteration 70 / LogL: -24252.733 / Time: 0h:1m:0s (0h:0m:42s left)
Iteration 80 / LogL: -24237.699 / Time: 0h:1m:7s (0h:0m:33s left)
Iteration 90 / LogL: -24231.559 / Time: 0h:1m:15s (0h:0m:24s left)
Iteration 100 / LogL: -24268.361 / Time: 0h:1m:22s (0h:0m:15s left)
Log-likelihood cutoff on original alignment: -24271.544
NOTE: Bootstrap correlation coefficient of split occurrence frequencies: 0.996
Iteration 110 / LogL: -24230.641 / Time: 0h:1m:30s (0h:1m:14s left)
Iteration 120 / LogL: -24230.613 / Time: 0h:1m:38s (0h:1m:6s left)
TREE SEARCH COMPLETED AFTER 120 ITERATIONS / Time: 0h:1m:38s

--------------------------------------------------------------------
|                    FINALIZING TREE SEARCH                        |
--------------------------------------------------------------------
Performs final model parameters optimization
Estimate model parameters (epsilon = 0.010)
1. Initial log-likelihood: -24230.559
Optimal log-likelihood: -24230.558
Rate parameters:  A-C: 1.00000  A-G: 8.20464  A-T: 0.38425  C-G: 0.38425  C-T: 11.17032  G-T: 1.00000
Base frequencies:  A: 0.285  C: 0.220  G: 0.236  T: 0.259
Gamma shape alpha: 0.192
Parameters optimization took 1 rounds (0.058 sec)
BEST SCORE FOUND : -24230.558
Creating bootstrap support values...
Split supports printed to NEXUS file 4B_designation/Alignment/4B_designation_combined_aligned.fasta.splits.nex
Total tree length: 0.423

Total number of iterations: 120
CPU time used for tree search: 97.139 sec (0h:1m:37s)
Wall-clock time used for tree search: 97.696 sec (0h:1m:37s)
Total CPU time used: 97.940 sec (0h:1m:37s)
Total wall-clock time used: 98.505 sec (0h:1m:38s)

Computing bootstrap consensus tree...
Reading input file 4B_designation/Alignment/4B_designation_combined_aligned.fasta.splits.nex...
127 taxa and 1649 splits.
Consensus tree written to 4B_designation/Alignment/4B_designation_combined_aligned.fasta.contree
Reading input trees file 4B_designation/Alignment/4B_designation_combined_aligned.fasta.contree
Log-likelihood of consensus tree: -24231.084

Analysis results written to: 
  IQ-TREE report:                4B_designation/Alignment/4B_designation_combined_aligned.fasta.iqtree
  Maximum-likelihood tree:       4B_designation/Alignment/4B_designation_combined_aligned.fasta.treefile
  Likelihood distances:          4B_designation/Alignment/4B_designation_combined_aligned.fasta.mldist

Ultrafast bootstrap approximation results written to:
  Split support values:          4B_designation/Alignment/4B_designation_combined_aligned.fasta.splits.nex
  Consensus tree:                4B_designation/Alignment/4B_designation_combined_aligned.fasta.contree
  Screen log file:               4B_designation/Alignment/4B_designation_combined_aligned.fasta.log

Date and Time: Wed Mar 15 16:33:13 2023
