IQ-TREE multicore version 2.0.3 for Linux 64-bit built Dec 20 2020
Developed by Bui Quang Minh, Nguyen Lam Tung, Olga Chernomor,
Heiko Schmidt, Dominik Schrempf, Michael Woodhams.

Host:    essel-Standard (AVX2, FMA3, 31 GB RAM)
Command: iqtree -s Ph_rabv_designation/Alignment/Ph_rabv_designation_combined_aligned.fasta -B 1000
Seed:    409688 (Using SPRNG - Scalable Parallel Random Number Generator)
Time:    Tue Apr 19 16:42:43 2022
Kernel:  AVX+FMA - 1 threads (16 CPU cores detected)

HINT: Use -nt option to specify number of threads because your CPU has 16 cores!
HINT: -nt AUTO will automatically determine the best number of threads to use.

Reading alignment file Ph_rabv_designation/Alignment/Ph_rabv_designation_combined_aligned.fasta ... Fasta format detected
Alignment most likely contains DNA/RNA sequences
WARNING: 422 sites contain only gaps or ambiguous characters.
Alignment has 173 sequences with 12296 columns, 2001 distinct patterns
1464 parsimony-informative, 634 singleton sites, 10198 constant sites
                            Gap/Ambiguity  Composition  p-value
   1  EF564174                     89.00%    passed     68.45%
   2  EU643590                     89.00%    passed     84.59%
   3  FJ959397                     89.00%    passed     68.45%
   4  GU358653                     89.00%    passed     79.18%
   5  HQ317918                     89.00%    passed     68.16%
   6  JQ970480                     89.00%    passed     84.62%
   7  JX088694                     89.00%    passed     85.40%
   8  KJ466147                     89.00%    passed     67.18%
   9  KU946961                     89.00%    passed     68.45%
  10  KX148264                     89.00%    passed     79.18%
  11  KY451767                     89.00%    passed     86.69%
  12  MG201919                     89.00%    passed     81.95%
  13  MG201921                     89.00%    passed     72.35%
  14  FJ712195                     89.00%    passed     80.05%
  15  FJ712196                     89.00%    passed     64.15%
  16  GU647092                     89.00%    passed     64.04%
  17  JQ946087                     89.00%    passed     66.72%
  18  KF726852                     89.00%    passed     81.45%
  19  AB573762                     89.00%    passed     79.53%
  20  AB573763                     89.00%    passed     72.78%
  21  EU086200                     89.00%    passed     80.99%
  22  EU086201                     89.00%    passed     85.22%
  23  EU086202                     89.00%    passed     77.26%
  24  EU086203                     89.00%    passed     82.27%
  25  EU086204                     89.00%    passed     71.35%
  26  EU086205                     89.00%    passed     79.24%
  27  KX148259                     89.00%    passed     80.73%
  28  KX148260                     89.00%    passed     79.24%
  29  KX148261                     89.00%    passed     72.69%
  30  KX148262                     89.00%    passed     80.16%
  31  KX148263                     89.00%    passed     68.77%
  32  LC550018                     89.00%    passed     80.84%
  33  LC550019                     89.00%    passed     79.80%
  34  LC550020                     89.00%    passed     79.80%
  35  LC550021                     89.00%    passed     79.80%
  36  LC550022                     89.00%    passed     75.43%
  37  LC550023                     89.00%    passed     74.86%
  38  LC550024                     89.00%    passed     80.84%
  39  LC550025                     89.00%    passed     77.91%
  40  LC550026                     89.00%    passed     78.36%
  41  LC550027                     89.00%    passed     80.84%
  42  LC571945                     89.00%    passed     79.53%
  43  LC571946                     89.00%    passed     79.53%
  44  MN726836                     89.00%    passed     73.09%
  45  MN726837                     89.00%    passed     78.90%
  46  MN726838                     89.00%    passed     71.54%
  47  MN726839                     89.00%    passed     73.96%
  48  MN726840                     89.00%    passed     78.59%
  49  MN726841                     89.00%    passed     83.51%
  50  MN726842                     89.00%    passed     71.81%
  51  MN726843                     89.11%    passed     70.25%
  52  MN726844                     89.01%    passed     81.67%
  53  MN726845                     89.00%    passed     80.95%
  54  MN726846                     89.00%    passed     75.58%
  55  MN726847                     89.00%    passed     76.00%
  56  MN726848                     89.00%    passed     68.47%
  57  MN726850                     89.02%    passed     84.02%
  58  MN726851                     89.00%    passed     73.09%
  59  MN726852                     89.00%    passed     73.29%
  60  MN726853                     89.00%    passed     74.54%
  61  MN726854                     89.00%    passed     73.09%
  62  MN726855                     89.00%    passed     72.78%
  63  MN726856                     89.00%    passed     74.54%
  64  MN726858                     89.00%    passed     75.58%
  65  MN726859                     89.00%    passed     80.84%
  66  MN726860                     89.01%    passed     74.76%
  67  MN726861                     89.00%    passed     74.54%
  68  MN726862                     89.00%    passed     79.82%
  69  MN726863                     89.00%    passed     80.29%
  70  MN726864                     89.00%    passed     80.95%
  71  MN726865                     89.00%    passed     72.29%
  72  MN726866                     89.00%    passed     71.35%
  73  MN726867                     89.00%    passed     76.89%
  74  MN726868                     89.00%    passed     71.62%
  75  MN726869                     89.00%    passed     74.53%
  76  MN726870                     89.00%    passed     77.04%
  77  MN726871                     89.00%    passed     71.54%
  78  MN726872                     89.00%    passed     80.60%
  79  MN726873                     89.00%    passed     80.15%
  80  MN726874                     89.00%    passed     69.34%
  81  MN726875                     89.00%    passed     76.01%
  82  MN726876                     89.00%    passed     72.19%
  83  MN726877                     89.01%    passed     80.45%
  84  MN726879                     89.00%    passed     81.62%
  85  MN726880                     89.00%    passed     71.81%
  86  MN726881                     89.00%    passed     74.53%
  87  MN726882                     89.00%    passed     73.09%
  88  MN857167                     89.00%    passed     80.63%
  89  MN857168                     89.00%    passed     80.82%
  90  MN857169                     89.00%    passed     70.26%
  91  MN857170                     89.00%    passed     82.30%
  92  MN857171                     89.00%    passed     79.80%
  93  KF620487                     89.00%    passed     69.74%
  94  KF620488                     89.00%    passed     86.03%
  95  KF620489                     89.00%    passed     54.32%
  96  KP860149                     89.00%    passed     54.32%
  97  KP860153                     89.00%    passed     58.42%
  98  barcode01/ARTIC/medaka        7.09%    passed     96.49%
  99  barcode02/ARTIC/medaka        3.68%    passed     98.65%
 100  barcode26/ARTIC/medaka        6.92%    passed     97.65%
 101  barcode37/ARTIC/medaka        7.10%    passed     97.97%
 102  barcode85/ARTIC/medaka        5.47%    passed     97.39%
 103  barcode14/ARTIC/medaka        3.71%    passed     98.96%
 104  barcode61/ARTIC/medaka       17.46%    passed     98.83%
 105  barcode13/ARTIC/medaka       17.33%    passed     98.23%
 106  barcode25/ARTIC/medaka        7.86%    passed     92.20%
 107  barcode73/ARTIC/medaka       13.73%    passed     98.53%
 108  barcode49/ARTIC/medaka        5.61%    passed     90.58%
 109  14/ARTIC/medaka               8.75%    passed     95.47%
 110  153/ARTIC/medaka              5.38%    passed     97.80%
 111  19-30/ARTIC/medaka            7.22%    passed     93.44%
 112  19-40/ARTIC/medaka            3.81%    passed     98.51%
 113  COW/ARTIC/medaka              5.40%    passed     98.11%
 114  GOAT/ARTIC/medaka            12.26%    passed     80.27%
 115  RADDL3-1045/ARTIC/medaka      5.42%    passed     97.53%
 116  RADDL3-15-172/ARTIC/medaka    5.42%    passed     94.10%
 117  RADDL3-16-468/ARTIC/medaka    7.33%    passed     85.83%
 118  RADDL3-845/ARTIC/medaka       7.18%    passed     97.96%
 119  Z-12-012/ARTIC/medaka         7.08%    passed     96.88%
 120  Z-13-032/ARTIC/medaka        10.61%    passed     83.89%
 121  Z-13-094/ARTIC/medaka         3.72%    passed     98.81%
 122  Z-13-096/ARTIC/medaka         3.71%    passed     98.57%
 123  Z-14-033/ARTIC/medaka         5.42%    passed     94.67%
 124  Z-14-136/ARTIC/medaka         5.20%    passed     97.39%
 125  Z-14-182/ARTIC/medaka         5.41%    passed     93.10%
 126  Z-15-001/ARTIC/medaka         7.33%    passed     94.96%
 127  Z-16-082/ARTIC/medaka         7.19%    passed     98.55%
 128  Z-16-151/ARTIC/medaka         5.43%    passed     94.53%
 129  Z-16-209/ARTIC/medaka         7.19%    passed     97.69%
 130  Z-16-210/ARTIC/medaka         3.70%    passed     99.10%
 131  Z-16-211/ARTIC/medaka         3.73%    passed     98.74%
 132  4B-21-126/ARTIC/medaka        5.51%    passed     98.82%
 133  4B-22-114/ARTIC/medaka        5.52%    passed     98.83%
 134  4B-22-15/ARTIC/medaka         3.72%    passed     97.79%
 135  R10-920/ARTIC/medaka          9.03%    passed     97.85%
 136  R11-21-57/ARTIC/medaka       99.99%    passed     47.30%
 137  R11-21-61/ARTIC/medaka        3.85%    passed     93.12%
 138  R11-21-63/ARTIC/medaka        5.43%    passed     99.60%
 139  R1-21-148/ARTIC/medaka        5.43%    passed     94.83%
 140  R5-21-132/ARTIC/medaka        7.13%    passed     99.16%
 141  R6-21-4511/ARTIC/medaka       5.38%    passed     94.78%
 142  R6-21-4600/ARTIC/medaka       5.47%    passed     87.70%
 143  4B-21-29/ARTIC/medaka         5.52%    passed     98.90%
 144  4B-21-310/ARTIC/medaka        5.23%    passed     97.11%
 145  4B-21-35/ARTIC/medaka         5.24%    passed     96.48%
 146  4B-21-412/ARTIC/medaka        3.71%    passed     97.66%
 147  4B-21-421/ARTIC/medaka        5.52%    passed     99.13%
 148  4B-21-423/ARTIC/medaka        7.22%    passed     99.59%
 149  4B-21-528/ARTIC/medaka        5.55%    passed     93.69%
 150  R3-21-0467/ARTIC/medaka      32.99%    passed     92.18%
 151  R5-21-115/ARTIC/medaka        3.72%    passed     96.77%
 152  R5-21-119/ARTIC/medaka        3.69%    passed     96.36%
 153  R5-21-128/ARTIC/medaka        3.68%    passed     96.12%
 154  4A-22-104/ARTIC/medaka       12.05%    passed     96.51%
 155  4A-22-40/ARTIC/medaka        12.05%    passed     96.51%
 156  4A-22-98/ARTIC/medaka        12.05%    passed     96.51%
 157  4B-21622/ARTIC/medaka         7.04%    passed     92.90%
 158  4B-2422/ARTIC/medaka          5.42%    passed     98.23%
 159  4B-2922HM/ARTIC/medaka        7.03%    passed     91.94%
 160  4B-2922JG/ARTIC/medaka        5.51%    passed     98.36%
 161  H22-01/ARTIC/medaka          15.45%    passed     97.11%
 162  R10-714/ARTIC/medaka         17.44%    passed     74.71%
 163  R10-907/ARTIC/medaka          8.99%    passed     97.32%
 164  R2-081/ARTIC/medaka           7.00%    passed     85.98%
 165  R3-0483/ARTIC/medaka         12.05%    passed     96.51%
 166  R3-731/ARTIC/medaka           5.42%    passed     95.93%
 167  R5-09/ARTIC/medaka            3.68%    passed     93.44%
 168  R6-4342/ARTIC/medaka         10.97%    passed     82.63%
 169  R6-4568/ARTIC/medaka          9.19%    passed     97.63%
 170  R9-010/ARTIC/medaka           9.02%    passed     97.69%
 171  R9-074/ARTIC/medaka           5.90%    passed     97.76%
 172  R9-089/ARTIC/medaka           9.65%    passed     99.98%
 173  R9-105/ARTIC/medaka          18.01%    passed     92.30%
WARNING: 98 sequences contain more than 50% gaps/ambiguity
****  TOTAL                        53.79%  0 sequences failed composition chi2 test (p-value<5%; df=3)
NOTE: KU946961 is identical to EF564174 but kept for subsequent analysis
NOTE: LC571945 is identical to AB573762 but kept for subsequent analysis
NOTE: KX148260 is identical to EU086205 but kept for subsequent analysis
NOTE: LC550024 is identical to LC550018 but kept for subsequent analysis
NOTE: LC550020 is identical to LC550019 but kept for subsequent analysis
NOTE: MN726871 is identical to MN726838 but kept for subsequent analysis
NOTE: MN726880 is identical to MN726842 but kept for subsequent analysis
NOTE: MN726854 is identical to MN726851 but kept for subsequent analysis
NOTE: MN726861 is identical to MN726856 but kept for subsequent analysis
NOTE: 4A-22-40/ARTIC/medaka is identical to 4A-22-104/ARTIC/medaka but kept for subsequent analysis
NOTE: 6 identical sequences (see below) will be ignored for subsequent analysis
NOTE: LC571946 (identical to AB573762) is ignored but added at the end
NOTE: LC550027 (identical to LC550018) is ignored but added at the end
NOTE: LC550021 (identical to LC550019) is ignored but added at the end
NOTE: MN726882 (identical to MN726851) is ignored but added at the end
NOTE: 4A-22-98/ARTIC/medaka (identical to 4A-22-104/ARTIC/medaka) is ignored but added at the end
NOTE: R3-0483/ARTIC/medaka (identical to 4A-22-104/ARTIC/medaka) is ignored but added at the end
Alignment was printed to Ph_rabv_designation/Alignment/Ph_rabv_designation_combined_aligned.fasta.uniqueseq.phy

For your convenience alignment with unique sequences printed to Ph_rabv_designation/Alignment/Ph_rabv_designation_combined_aligned.fasta.uniqueseq.phy

Creating fast initial parsimony tree by random order stepwise addition...
0.043 seconds, parsimony score: 3355 (based on 2098 sites)
Perform fast likelihood tree search using GTR+I+G model...
Estimate model parameters (epsilon = 5.000)
Perform nearest neighbor interchange...
Estimate model parameters (epsilon = 1.000)
1. Initial log-likelihood: -38242.257
Optimal log-likelihood: -38242.187
Rate parameters:  A-C: 1.68925  A-G: 9.94891  A-T: 0.57044  C-G: 0.20372  C-T: 13.77382  G-T: 1.00000
Base frequencies:  A: 0.285  C: 0.221  G: 0.235  T: 0.260
Proportion of invariable sites: 0.416
Gamma shape alpha: 0.618
Parameters optimization took 1 rounds (0.411 sec)
Time for fast ML tree search: 4.292 seconds

NOTE: ModelFinder requires 116 MB RAM!
ModelFinder will test up to 286 DNA models (sample size: 12296) ...
 No. Model         -LnL         df  AIC          AICc         BIC
  1  GTR+F         39100.608    339 78879.215    78898.496    81393.588
  2  GTR+F+I       38285.697    340 77251.394    77270.790    79773.184
  3  GTR+F+G4      38254.683    340 77189.366    77208.762    79711.155
  4  GTR+F+I+G4    38242.160    341 77166.321    77185.833    79695.528
  5  GTR+F+R2      38256.752    341 77195.504    77215.015    79724.711
  6  GTR+F+R3      38251.597    343 77189.194    77208.939    79733.236
 17  SYM+I+G4      38301.343    338 77278.687    77297.853    79785.643
 30  TVM+F+I+G4    38265.378    340 77210.756    77230.152    79732.546
 43  TVMe+I+G4     38314.196    337 77302.393    77321.444    79801.932
 56  TIM3+F+I+G4   38316.187    339 77310.375    77329.656    79824.748
 69  TIM3e+I+G4    38383.072    336 77438.143    77457.080    79930.265
 82  TIM2+F+I+G4   38305.472    339 77288.944    77308.224    79803.317
 95  TIM2e+I+G4    38361.740    336 77395.481    77414.417    79887.603
108  TIM+F+I+G4    38261.911    339 77201.823    77221.103    79716.195
121  TIMe+I+G4     38327.647    336 77327.293    77346.230    79819.415
134  TPM3u+F+I+G4  38339.172    338 77354.345    77373.511    79861.301
147  TPM3+F+I+G4   38339.172    338 77354.345    77373.511    79861.301
160  TPM2u+F+I+G4  38328.495    338 77332.990    77352.155    79839.946
173  TPM2+F+I+G4   38328.495    338 77332.990    77352.155    79839.946
186  K3Pu+F+I+G4   38284.843    338 77245.686    77264.852    79752.642
199  K3P+I+G4      38340.752    335 77351.503    77370.326    79836.208
212  TN+F+I+G4     38320.092    338 77316.184    77335.350    79823.140
225  TNe+I+G4      38384.303    335 77438.607    77457.429    79923.311
238  HKY+F+I+G4    38342.959    337 77359.918    77378.969    79859.457
251  K2P+I+G4      38397.363    334 77462.727    77481.436    79940.015
264  F81+F+I+G4    40415.943    336 81503.886    81522.822    83996.008
277  JC+I+G4       40455.168    333 81576.336    81594.932    84046.206
Akaike Information Criterion:           GTR+F+I+G4
Corrected Akaike Information Criterion: GTR+F+I+G4
Bayesian Information Criterion:         GTR+F+I+G4
Best-fit model: GTR+F+I+G4 chosen according to BIC

All model information printed to Ph_rabv_designation/Alignment/Ph_rabv_designation_combined_aligned.fasta.model.gz
CPU time for ModelFinder: 31.556 seconds (0h:0m:31s)
Wall-clock time for ModelFinder: 31.829 seconds (0h:0m:31s)
Generating 1000 samples for ultrafast bootstrap (seed: 409688)...

NOTE: 51 MB RAM (0 GB) is required!
Estimate model parameters (epsilon = 0.100)
Thoroughly optimizing +I+G parameters from 10 start values...
Init pinv, alpha: 0.000, 0.620 / Estimate: 0.000, 0.198 / LogL: -38254.682
Init pinv, alpha: 0.092, 0.620 / Estimate: 0.093, 0.242 / LogL: -38250.282
Init pinv, alpha: 0.184, 0.620 / Estimate: 0.186, 0.303 / LogL: -38247.135
Init pinv, alpha: 0.276, 0.620 / Estimate: 0.278, 0.389 / LogL: -38244.825
Init pinv, alpha: 0.369, 0.620 / Estimate: 0.370, 0.523 / LogL: -38242.978
Init pinv, alpha: 0.461, 0.620 / Estimate: 0.461, 0.749 / LogL: -38241.444
Init pinv, alpha: 0.553, 0.620 / Estimate: 0.548, 1.210 / LogL: -38240.868
Init pinv, alpha: 0.645, 0.620 / Estimate: 0.601, 1.808 / LogL: -38242.685
Init pinv, alpha: 0.737, 0.620 / Estimate: 0.601, 1.817 / LogL: -38242.822
Init pinv, alpha: 0.829, 0.620 / Estimate: 0.601, 1.815 / LogL: -38243.021
Optimal pinv,alpha: 0.548, 1.210 / LogL: -38240.868

Parameters optimization took 37.517 sec
Computing ML distances based on estimated model parameters... 0.566 sec
Computing BIONJ tree...
0.011 seconds
Log-likelihood of BIONJ tree: -38376.617
--------------------------------------------------------------------
|             INITIALIZING CANDIDATE TREE SET                      |
--------------------------------------------------------------------
Generating 98 parsimony trees... 4.753 second
Computing log-likelihood of 98 initial trees ... 5.799 seconds
Current best score: -38235.385

Do NNI search on 20 best initial trees
Estimate model parameters (epsilon = 0.100)
BETTER TREE FOUND at iteration 1: -38175.403
Estimate model parameters (epsilon = 0.100)
BETTER TREE FOUND at iteration 4: -38173.074
Estimate model parameters (epsilon = 0.100)
BETTER TREE FOUND at iteration 10: -38168.888
Iteration 10 / LogL: -38168.888 / Time: 0h:1m:10s
Iteration 20 / LogL: -38203.472 / Time: 0h:1m:31s
Finish initializing candidate tree set (20)
Current best tree score: -38168.888 / CPU time: 53.195
Number of iterations: 20
--------------------------------------------------------------------
|               OPTIMIZING CANDIDATE TREE SET                      |
--------------------------------------------------------------------
Iteration 30 / LogL: -38182.082 / Time: 0h:1m:54s (0h:5m:16s left)
Iteration 40 / LogL: -38169.124 / Time: 0h:2m:18s (0h:4m:8s left)
Iteration 50 / LogL: -38168.974 / Time: 0h:2m:40s (0h:3m:16s left)
Log-likelihood cutoff on original alignment: -38256.800
Iteration 60 / LogL: -38210.691 / Time: 0h:3m:4s (0h:2m:36s left)
Iteration 70 / LogL: -38212.603 / Time: 0h:3m:26s (0h:1m:59s left)
Iteration 80 / LogL: -38183.037 / Time: 0h:3m:49s (0h:1m:27s left)
Iteration 90 / LogL: -38192.344 / Time: 0h:4m:16s (0h:0m:57s left)
Iteration 100 / LogL: -38210.788 / Time: 0h:4m:39s (0h:0m:28s left)
Log-likelihood cutoff on original alignment: -38256.800
NOTE: Bootstrap correlation coefficient of split occurrence frequencies: 0.997
Iteration 110 / LogL: -38189.972 / Time: 0h:5m:3s (0h:4m:10s left)
TREE SEARCH COMPLETED AFTER 111 ITERATIONS / Time: 0h:5m:6s

--------------------------------------------------------------------
|                    FINALIZING TREE SEARCH                        |
--------------------------------------------------------------------
Performs final model parameters optimization
Estimate model parameters (epsilon = 0.010)
1. Initial log-likelihood: -38168.888
Optimal log-likelihood: -38168.884
Rate parameters:  A-C: 1.66172  A-G: 9.98941  A-T: 0.55921  C-G: 0.20442  C-T: 13.74167  G-T: 1.00000
Base frequencies:  A: 0.285  C: 0.221  G: 0.235  T: 0.260
Proportion of invariable sites: 0.547
Gamma shape alpha: 1.185
Parameters optimization took 1 rounds (0.296 sec)
BEST SCORE FOUND : -38168.884
Creating bootstrap support values...
Split supports printed to NEXUS file Ph_rabv_designation/Alignment/Ph_rabv_designation_combined_aligned.fasta.splits.nex
Total tree length: 0.751

Total number of iterations: 111
CPU time used for tree search: 266.238 sec (0h:4m:26s)
Wall-clock time used for tree search: 267.833 sec (0h:4m:27s)
Total CPU time used: 305.598 sec (0h:5m:5s)
Total wall-clock time used: 307.228 sec (0h:5m:7s)

Computing bootstrap consensus tree...
Reading input file Ph_rabv_designation/Alignment/Ph_rabv_designation_combined_aligned.fasta.splits.nex...
167 taxa and 1626 splits.
Consensus tree written to Ph_rabv_designation/Alignment/Ph_rabv_designation_combined_aligned.fasta.contree
Reading input trees file Ph_rabv_designation/Alignment/Ph_rabv_designation_combined_aligned.fasta.contree
Log-likelihood of consensus tree: -38177.912

Analysis results written to: 
  IQ-TREE report:                Ph_rabv_designation/Alignment/Ph_rabv_designation_combined_aligned.fasta.iqtree
  Maximum-likelihood tree:       Ph_rabv_designation/Alignment/Ph_rabv_designation_combined_aligned.fasta.treefile
  Likelihood distances:          Ph_rabv_designation/Alignment/Ph_rabv_designation_combined_aligned.fasta.mldist

Ultrafast bootstrap approximation results written to:
  Split support values:          Ph_rabv_designation/Alignment/Ph_rabv_designation_combined_aligned.fasta.splits.nex
  Consensus tree:                Ph_rabv_designation/Alignment/Ph_rabv_designation_combined_aligned.fasta.contree
  Screen log file:               Ph_rabv_designation/Alignment/Ph_rabv_designation_combined_aligned.fasta.log

Date and Time: Tue Apr 19 16:48:23 2022
