IQ-TREE multicore version 2.0.3 for Linux 64-bit built Dec 20 2020
Developed by Bui Quang Minh, Nguyen Lam Tung, Olga Chernomor,
Heiko Schmidt, Dominik Schrempf, Michael Woodhams.

Host:    essel-Standard (AVX2, FMA3, 31 GB RAM)
Command: iqtree -s 2023_designation/Alignment/2023_designation_combined_aligned.fasta -B 1000
Seed:    353604 (Using SPRNG - Scalable Parallel Random Number Generator)
Time:    Tue May 30 09:36:24 2023
Kernel:  AVX+FMA - 1 threads (16 CPU cores detected)

HINT: Use -nt option to specify number of threads because your CPU has 16 cores!
HINT: -nt AUTO will automatically determine the best number of threads to use.

Reading alignment file 2023_designation/Alignment/2023_designation_combined_aligned.fasta ... Fasta format detected
Alignment most likely contains DNA/RNA sequences
WARNING: 109 sites contain only gaps or ambiguous characters.
Alignment has 308 sequences with 11935 columns, 3515 distinct patterns
2175 parsimony-informative, 909 singleton sites, 8851 constant sites
                Gap/Ambiguity  Composition  p-value
   1  EF564174         88.66%    passed     64.97%
   2  EU643590         88.66%    passed     81.15%
   3  FJ959397         88.66%    passed     64.97%
   4  GU358653         88.66%    passed     74.65%
   5  HQ317918         88.66%    passed     65.95%
   6  JQ970480         88.66%    passed     81.20%
   7  JX088694         88.66%    passed     81.59%
   8  KJ466147         88.66%    passed     63.55%
   9  KU946961         88.66%    passed     64.97%
  10  KX148264         88.66%    passed     74.65%
  11  KY451767         88.66%    passed     83.34%
  12  MG201919         88.66%    passed     77.61%
  13  MG201921         88.66%    passed     67.61%
  14  FJ712195         88.66%    passed     77.38%
  15  FJ712196         88.66%    passed     60.17%
  16  GU647092         88.66%    passed     59.58%
  17  JQ946087         88.66%    passed     62.34%
  18  KF726852         88.66%    passed     77.15%
  19  AB573762         88.66%    passed     76.90%
  20  AB573763         88.66%    passed     70.40%
  21  EU086200         88.66%    passed     77.84%
  22  EU086201         88.66%    passed     83.42%
  23  EU086202         88.66%    passed     74.19%
  24  EU086203         88.66%    passed     78.35%
  25  EU086204         88.66%    passed     67.39%
  26  EU086205         88.66%    passed     76.42%
  27  KX148259         88.66%    passed     77.67%
  28  KX148260         88.66%    passed     76.42%
  29  KX148261         88.66%    passed     69.81%
  30  KX148262         88.66%    passed     76.39%
  31  KX148263         88.66%    passed     65.45%
  32  LC550018         88.66%    passed     78.17%
  33  LC550019         88.66%    passed     77.33%
  34  LC550020         88.66%    passed     77.33%
  35  LC550021         88.66%    passed     77.33%
  36  LC550022         88.66%    passed     73.08%
  37  LC550023         88.66%    passed     72.06%
  38  LC550024         88.66%    passed     78.17%
  39  LC550025         88.66%    passed     75.34%
  40  LC550026         88.66%    passed     75.59%
  41  LC550027         88.66%    passed     78.17%
  42  LC571945         88.66%    passed     76.90%
  43  LC571946         88.66%    passed     76.90%
  44  MN726836         88.66%    passed     70.84%
  45  MN726837         88.67%    passed     76.81%
  46  MN726838         88.66%    passed     69.28%
  47  MN726839         88.66%    passed     71.36%
  48  MN726840         88.67%    passed     76.16%
  49  MN726841         88.66%    passed     80.30%
  50  MN726842         88.66%    passed     68.47%
  51  MN726843         88.78%    passed     67.98%
  52  MN726844         88.68%    passed     78.86%
  53  MN726845         88.67%    passed     78.11%
  54  MN726846         88.66%    passed     73.57%
  55  MN726847         88.66%    passed     73.49%
  56  MN726848         88.66%    passed     66.09%
  57  MN726850         88.69%    passed     81.17%
  58  MN726851         88.66%    passed     70.84%
  59  MN726852         88.66%    passed     69.87%
  60  MN726853         88.66%    passed     72.24%
  61  MN726854         88.66%    passed     70.84%
  62  MN726855         88.66%    passed     70.40%
  63  MN726856         88.66%    passed     72.24%
  64  MN726858         88.66%    passed     73.57%
  65  MN726859         88.66%    passed     78.17%
  66  MN726860         88.68%    passed     71.33%
  67  MN726861         88.66%    passed     72.24%
  68  MN726862         88.66%    passed     76.95%
  69  MN726863         88.66%    passed     77.46%
  70  MN726864         88.67%    passed     78.11%
  71  MN726865         88.67%    passed     69.79%
  72  MN726866         88.66%    passed     69.17%
  73  MN726867         88.66%    passed     74.83%
  74  MN726868         88.66%    passed     70.03%
  75  MN726869         88.66%    passed     72.08%
  76  MN726870         88.66%    passed     73.53%
  77  MN726871         88.66%    passed     69.28%
  78  MN726872         88.66%    passed     77.33%
  79  MN726873         88.66%    passed     77.13%
  80  MN726874         88.66%    passed     67.23%
  81  MN726875         88.67%    passed     72.50%
  82  MN726876         88.66%    passed     68.65%
  83  MN726877         88.68%    passed     77.14%
  84  MN726879         88.66%    passed     78.46%
  85  MN726880         88.66%    passed     68.47%
  86  MN726881         88.66%    passed     72.08%
  87  MN726882         88.66%    passed     70.84%
  88  MN857167         88.66%    passed     78.23%
  89  MN857168         88.66%    passed     78.30%
  90  MN857169         88.66%    passed     67.32%
  91  MN857170         88.66%    passed     79.03%
  92  MN857171         88.66%    passed     77.33%
  93  KF620487         88.66%    passed     67.03%
  94  KF620488         88.66%    passed     84.36%
  95  KF620489         88.66%    passed     52.41%
  96  KP860149         88.66%    passed     52.41%
  97  KP860153         88.66%    passed     56.38%
  98  4B-22-13          2.92%    passed     99.74%
  99  4B-22-16          3.05%    passed     99.03%
 100  4B-22-17          2.86%    passed     99.62%
 101  4B-22-20          3.06%    passed     99.73%
 102  4B-22-21          3.17%    passed     99.97%
 103  4B-22-28          2.75%    passed     99.89%
 104  4B-22-30          3.88%    passed     99.58%
 105  4B-22-31          2.87%    passed     99.83%
 106  4B-22-35          2.87%    passed     99.63%
 107  4B-22-40          2.97%    passed     99.01%
 108  4B-22-41          5.46%    passed     97.51%
 109  4B-22-42          2.71%    passed     98.51%
 110  Z-98-134         16.65%    passed     91.54%
 111  Z-98-206         21.22%    passed     86.42%
 112  Z-98-285          6.15%    passed     95.32%
 113  Z-98-286          7.81%    passed     95.51%
 114  Z-98-335         20.59%    passed     81.57%
 115  R10-688           3.07%    passed     93.54%
 116  R10-711           4.99%    passed     99.92%
 117  R10-824           3.77%    passed     99.45%
 118  R10-856           5.40%    passed     99.63%
 119  R10-989           4.94%    passed     99.62%
 120  R10-990           3.05%    passed     99.78%
 121  RADDL1-16-153     2.75%    passed     98.93%
 122  RADDL1-16-166     4.77%    passed     99.83%
 123  RADDL3-16-1008    2.90%    passed     99.22%
 124  RADDL3-16-521     2.78%    passed     95.59%
 125  Z-04-664         10.12%    passed     98.27%
 126  Z-05-102          4.82%    passed     99.71%
 127  Z-05-191          6.81%    passed     99.38%
 128  Z-05-557          3.23%    passed     99.99%
 129  Z-05-96           4.88%    passed     99.48%
 130  Z-06-150          6.00%    passed     92.29%
 131  Z-06-295          2.71%    passed     99.47%
 132  Z-06-39           1.05%    passed     94.57%
 133  Z-07-07           2.76%    passed     99.74%
 134  Z-07-222         13.01%    passed     95.58%
 135  Z-07-22           2.71%    passed     99.68%
 136  Z-07-351          2.74%    passed     99.51%
 137  Z-07-366          6.73%    passed     99.34%
 138  Z-07-387          2.75%    passed     99.04%
 139  Z-07-38           1.02%    passed     99.45%
 140  Z-07-398          2.76%    passed     99.08%
 141  Z-07-403          2.77%    passed     99.75%
 142  Z-07-407          2.76%    passed     99.80%
 143  Z-08-351          7.33%    passed     97.20%
 144  Z-08-359          4.97%    passed     94.99%
 145  Z-09-94           2.72%    passed     99.63%
 146  Z-12-029          2.75%    passed     99.11%
 147  Z-12-034         15.91%    passed     95.35%
 148  Z-12-060          2.80%    passed     97.92%
 149  Z-13-020          2.92%    passed     99.39%
 150  Z-13-037         17.52%    passed     75.91%
 151  Z-13-065          3.20%    passed     95.74%
 152  Z-13-071          2.76%    passed     99.76%
 153  Z-13-086          2.73%    passed     99.49%
 154  Z-13-089          1.07%    passed     99.09%
 155  Z-13-098          1.82%    passed     99.19%
 156  Z-13-134          2.80%    passed     99.25%
 157  Z-13-135          2.76%    passed     99.86%
 158  Z-13-161          2.75%    passed     99.48%
 159  Z-13-171          1.32%    passed     98.59%
 160  Z-13-184          1.37%    passed     98.64%
 161  Z-13-204          2.15%    passed     99.50%
 162  Z-13-216          1.49%    passed     99.07%
 163  Z-13-234          1.37%    passed     96.92%
 164  Z-13-259          2.74%    passed     99.78%
 165  Z-14-023          2.84%    passed     98.49%
 166  Z-14-05           1.02%    passed     99.36%
 167  Z-15-163          2.72%    passed     99.74%
 168  Z-16-196          2.99%    passed     99.60%
 169  Z-22-103          2.76%    passed     98.70%
 170  Z-98-1061         3.49%    passed     98.96%
 171  Z-98-433          2.77%    passed     99.34%
 172  Z-98-454          3.31%    passed     99.09%
 173  Z-98-515          2.83%    passed     99.66%
 174  Z-98-616          2.87%    passed     99.76%
 175  Z-98-667         15.98%    passed     81.47%
 176  Z-98-712         16.00%    passed     90.94%
 177  Z-98-718          8.71%    passed     88.45%
 178  Z-98-780          7.85%    passed     98.38%
 179  Z-98-823         10.96%    passed     96.02%
 180  Z-98-838          9.09%    passed     99.55%
 181  Z-98-860          9.27%    passed     98.30%
 182  153               2.76%    passed     99.03%
 183  4A-22-104         2.81%    passed     97.17%
 184  4A-22-40          1.18%    passed     99.24%
 185  4A-22-98          1.12%    passed     99.68%
 186  4B-21-126         1.16%    passed     99.86%
 187  4B-21-29          1.13%    passed     99.70%
 188  4B-21-310         2.81%    passed     98.64%
 189  4B-21-35          2.79%    passed     96.90%
 190  4B-21-412         1.06%    passed     99.66%
 191  4B-21-421         1.13%    passed     99.79%
 192  4B-21-423         2.83%    passed     99.90%
 193  4B-21-528         1.05%    passed     99.62%
 194  4B-21622          1.22%    passed     99.74%
 195  4B-22-114         1.12%    passed     99.83%
 196  4B-22-15          1.06%    passed     99.54%
 197  4B-2422           2.77%    passed     99.76%
 198  4B-2922HM         1.18%    passed     99.44%
 199  4B-2922JG         1.21%    passed     98.34%
 200  R10-714           3.15%    passed     98.54%
 201  R10-907           3.08%    passed     97.56%
 202  R10-920           2.97%    passed     98.16%
 203  R11-21-61         1.06%    passed     94.23%
 204  R11-21-63         2.81%    passed     99.97%
 205  R1-21-148         2.78%    passed     98.07%
 206  R2-081            2.81%    passed     99.15%
 207  R3-731            2.76%    passed     97.91%
 208  R5-09             1.04%    passed     97.71%
 209  R5-21-115         1.10%    passed     99.07%
 210  R5-21-119         1.05%    passed     99.35%
 211  R5-21-128         1.07%    passed     97.98%
 212  R5-21-132         1.06%    passed     99.67%
 213  R6-21-4511        2.80%    passed     97.85%
 214  R6-21-4600        2.85%    passed     95.13%
 215  R6-4342           3.24%    passed     92.38%
 216  R6-4568           2.99%    passed     96.77%
 217  R9-010            2.95%    passed     99.45%
 218  R9-074            2.86%    passed     99.20%
 219  R9-089            5.32%    passed     99.63%
 220  R9-105            1.61%    passed     98.03%
 221  RADDL3-1045       2.76%    passed     99.54%
 222  RADDL3-15-172     2.80%    passed     98.00%
 223  RADDL3-16-468     2.80%    passed     96.54%
 224  RADDL3-16-627     4.70%    passed     98.43%
 225  RADDL3-845        2.83%    passed     95.64%
 226  RADDL5-005        1.06%    passed     99.88%
 227  Z-12-012          2.80%    passed     99.61%
 228  Z-12-149          2.78%    passed     99.92%
 229  Z-12-208          2.83%    passed     98.71%
 230  Z-13-032          1.51%    passed     99.50%
 231  Z-13-036          2.74%    passed     99.70%
 232  Z-13-066          1.05%    passed     99.71%
 233  Z-13-073          3.05%    passed     99.73%
 234  Z-13-094          1.06%    passed     99.74%
 235  Z-13-096          1.06%    passed     99.86%
 236  Z-14-033          2.81%    passed     97.81%
 237  Z-14-106          7.43%    passed     98.57%
 238  Z-14-136          2.87%    passed     96.97%
 239  Z-14-182          2.77%    passed     97.86%
 240  Z-14-243          1.37%    passed     96.93%
 241  Z-15-001          1.06%    passed     99.31%
 242  Z-15-009          5.60%    passed     97.38%
 243  Z-16-082          1.12%    passed     99.47%
 244  Z-16-150          2.82%    passed     96.68%
 245  Z-16-151          1.17%    passed     97.29%
 246  Z-16-209          1.32%    passed     98.54%
 247  Z-16-210          1.08%    passed     99.84%
 248  Z-16-211          1.07%    passed     99.60%
 249  4A-22-171         2.76%    passed     99.93%
 250  4A-22-203         5.57%    passed     98.35%
 251  4B-22-37          2.80%    passed     98.59%
 252  4B-22-39          2.77%    passed     98.58%
 253  4B-22-44          2.77%    passed     98.84%
 254  4B-22-45          2.81%    passed     98.80%
 255  4B-23-01          2.74%    passed     98.38%
 256  4B-23-02          2.76%    passed     98.48%
 257  4B-23-03          1.00%    passed     99.15%
 258  4B-23-04          1.02%    passed     99.25%
 259  4B-23-05          2.83%    passed     98.82%
 260  4B-23-06          2.76%    passed     98.19%
 261  4B-23-07          2.76%    passed     98.48%
 262  4B-23-11          2.76%    passed     98.92%
 263  4B-23-12          2.79%    passed     98.92%
 264  4B-23-13          2.75%    passed     98.37%
 265  4B-23-15          2.81%    passed     98.37%
 266  4B-23-16          2.77%    passed     98.62%
 267  4B-23-17          2.79%    passed     98.16%
 268  4B-23-19          2.78%    passed     98.27%
 269  H-23-011Sa_11    74.34%    failed      1.99%
 270  H-23-011Sk_12    11.85%    passed     99.55%
 271  R11-22-002        1.64%    passed     96.03%
 272  R5-21-136         2.72%    passed     99.52%
 273  R5-21-140         1.06%    passed     99.62%
 274  R5-22-008         2.76%    passed     99.44%
 275  R6-21-4375        2.96%    passed     94.99%
 276  R7-21-161         4.80%    passed     84.03%
 277  Z-13-081          3.74%    passed     97.22%
 278  Z-14-058          4.48%    passed     92.95%
 279  Z-14-098          2.84%    passed     99.19%
 280  Z-14-101          5.49%    passed     95.94%
 281  Z-14-126          2.73%    passed     99.44%
 282  Z-14-142          2.73%    passed     99.72%
 283  Z-17-046          1.01%    passed     99.03%
 284  Z-17-174          2.76%    passed     99.57%
 285  Z-17-177          1.04%    passed     98.78%
 286  Z-17-193          2.96%    passed     98.75%
 287  Z-17-200          2.76%    passed     97.61%
 288  Z-17-217          2.97%    passed     99.65%
 289  Z-17-221          4.67%    passed     99.66%
 290  Z-17-57           1.15%    passed     97.66%
 291  Z-18-001          2.76%    passed     99.70%
 292  Z-18-114          2.72%    passed     99.93%
 293  Z-18-159          2.77%    passed     97.10%
 294  Z-18-224          9.12%    passed     98.06%
 295  Z-18-251          2.72%    passed     99.38%
 296  Z-19-029          3.33%    passed     92.63%
 297  Z-19-123          9.63%    passed     98.88%
 298  Z-19-136          7.48%    passed     99.85%
 299  Z-19-88           2.74%    passed     97.29%
 300  Z-20-01           1.04%    passed     99.81%
 301  Z-20-110          2.75%    passed     95.98%
 302  Z-20-24           2.74%    passed     94.82%
 303  Z-20-33           2.73%    passed     99.83%
 304  Z-20-51           2.76%    passed     97.26%
 305  Z-22-119          2.88%    passed     98.52%
 306  Z-22-121          9.91%    passed     98.46%
 307  Z-23-01           2.74%    passed     95.25%
 308  Z-23-01Sa         4.65%    passed     97.79%
WARNING: 98 sequences contain more than 50% gaps/ambiguity
****  TOTAL            30.67%  1 sequences failed composition chi2 test (p-value<5%; df=3)
NOTE: KU946961 is identical to EF564174 but kept for subsequent analysis
NOTE: LC571945 is identical to AB573762 but kept for subsequent analysis
NOTE: KX148260 is identical to EU086205 but kept for subsequent analysis
NOTE: LC550024 is identical to LC550018 but kept for subsequent analysis
NOTE: LC550020 is identical to LC550019 but kept for subsequent analysis
NOTE: MN726871 is identical to MN726838 but kept for subsequent analysis
NOTE: MN726880 is identical to MN726842 but kept for subsequent analysis
NOTE: MN726854 is identical to MN726851 but kept for subsequent analysis
NOTE: MN726861 is identical to MN726856 but kept for subsequent analysis
NOTE: 4 identical sequences (see below) will be ignored for subsequent analysis
NOTE: LC571946 (identical to AB573762) is ignored but added at the end
NOTE: LC550027 (identical to LC550018) is ignored but added at the end
NOTE: LC550021 (identical to LC550019) is ignored but added at the end
NOTE: MN726882 (identical to MN726851) is ignored but added at the end
Alignment was printed to 2023_designation/Alignment/2023_designation_combined_aligned.fasta.uniqueseq.phy

For your convenience alignment with unique sequences printed to 2023_designation/Alignment/2023_designation_combined_aligned.fasta.uniqueseq.phy


Create initial parsimony tree by phylogenetic likelihood library (PLL)... 0.145 seconds
Perform fast likelihood tree search using GTR+I+G model...
Estimate model parameters (epsilon = 5.000)
Perform nearest neighbor interchange...
Estimate model parameters (epsilon = 1.000)
1. Initial log-likelihood: -57752.175
Optimal log-likelihood: -57752.115
Rate parameters:  A-C: 1.60497  A-G: 10.37612  A-T: 0.60018  C-G: 0.17792  C-T: 13.14802  G-T: 1.00000
Base frequencies:  A: 0.284  C: 0.221  G: 0.235  T: 0.260
Proportion of invariable sites: 0.378
Gamma shape alpha: 0.614
Parameters optimization took 1 rounds (1.014 sec)
Time for fast ML tree search: 16.288 seconds

NOTE: ModelFinder requires 360 MB RAM!
ModelFinder will test up to 286 DNA models (sample size: 11935) ...
 No. Model         -LnL         df  AIC          AICc         BIC
  1  GTR+F         59758.966    613 120743.933   120810.425   125272.305
  2  GTR+F+I       57888.495    614 117004.990   117071.705   121540.749
  3  GTR+F+G4      57785.176    614 116798.353   116865.069   121334.113
  4  GTR+F+I+G4    57751.980    615 116733.961   116800.900   121277.108
  5  GTR+F+R2      57781.011    615 116792.021   116858.960   121335.168
  6  GTR+F+R3      57775.776    617 116785.552   116852.938   121343.473
 17  SYM+I+G4      57814.616    612 116853.232   116919.503   121374.217
 30  TVM+F+I+G4    57771.542    614 116771.083   116837.799   121306.843
 43  TVMe+I+G4     57822.920    611 116867.839   116933.887   121381.437
 56  TIM3+F+I+G4   57887.710    613 117001.420   117067.913   121529.792
 69  TIM3e+I+G4    57964.932    610 117149.864   117215.691   121656.075
 82  TIM2+F+I+G4   57865.984    613 116957.967   117024.460   121486.339
 95  TIM2e+I+G4    57924.999    610 117069.997   117135.824   121576.208
108  TIM+F+I+G4    57791.158    613 116808.316   116874.809   121336.689
121  TIMe+I+G4     57867.967    610 116955.934   117021.760   121462.144
134  TPM3u+F+I+G4  57907.067    612 117038.133   117104.403   121559.118
147  TPM3+F+I+G4   57907.067    612 117038.133   117104.403   121559.118
160  TPM2u+F+I+G4  57885.498    612 116994.996   117061.266   121515.981
173  TPM2+F+I+G4   57885.498    612 116994.996   117061.266   121515.981
186  K3Pu+F+I+G4   57810.498    612 116844.996   116911.266   121365.981
199  K3P+I+G4      57876.620    609 116971.240   117036.845   121470.064
212  TN+F+I+G4     57891.862    612 117007.724   117073.995   121528.709
225  TNe+I+G4      57965.707    609 117149.414   117215.019   121648.238
238  HKY+F+I+G4    57911.145    611 117044.291   117110.339   121557.888
251  K2P+I+G4      57974.343    608 117164.686   117230.070   121656.122
264  F81+F+I+G4    61672.260    610 124564.519   124630.346   129070.730
277  JC+I+G4       61703.645    607 124621.290   124686.454   129105.339
Akaike Information Criterion:           GTR+F+I+G4
Corrected Akaike Information Criterion: GTR+F+I+G4
Bayesian Information Criterion:         GTR+F+I+G4
Best-fit model: GTR+F+I+G4 chosen according to BIC

All model information printed to 2023_designation/Alignment/2023_designation_combined_aligned.fasta.model.gz
CPU time for ModelFinder: 108.302 seconds (0h:1m:48s)
Wall-clock time for ModelFinder: 109.435 seconds (0h:1m:49s)
Generating 1000 samples for ultrafast bootstrap (seed: 353604)...

NOTE: 152 MB RAM (0 GB) is required!
Estimate model parameters (epsilon = 0.100)
Thoroughly optimizing +I+G parameters from 10 start values...
Init pinv, alpha: 0.000, 0.619 / Estimate: 0.000, 0.232 / LogL: -57785.166
Init pinv, alpha: 0.082, 0.619 / Estimate: 0.086, 0.277 / LogL: -57774.774
Init pinv, alpha: 0.165, 0.619 / Estimate: 0.171, 0.335 / LogL: -57766.546
Init pinv, alpha: 0.247, 0.619 / Estimate: 0.254, 0.415 / LogL: -57759.936
Init pinv, alpha: 0.330, 0.619 / Estimate: 0.334, 0.528 / LogL: -57754.598
Init pinv, alpha: 0.412, 0.619 / Estimate: 0.413, 0.702 / LogL: -57750.350
Init pinv, alpha: 0.494, 0.619 / Estimate: 0.488, 0.990 / LogL: -57748.150
Init pinv, alpha: 0.577, 0.619 / Estimate: 0.538, 1.332 / LogL: -57749.607
Init pinv, alpha: 0.659, 0.619 / Estimate: 0.538, 1.332 / LogL: -57749.818
Init pinv, alpha: 0.742, 0.619 / Estimate: 0.538, 1.335 / LogL: -57750.191
Optimal pinv,alpha: 0.488, 0.990 / LogL: -57748.150

Parameters optimization took 118.712 sec
Computing ML distances based on estimated model parameters... 3.728 sec
Computing BIONJ tree...
0.041 seconds
Log-likelihood of BIONJ tree: -59174.138
--------------------------------------------------------------------
|             INITIALIZING CANDIDATE TREE SET                      |
--------------------------------------------------------------------
Generating 98 parsimony trees... 14.923 second
Computing log-likelihood of 98 initial trees ... 18.075 seconds
Current best score: -57714.702

Do NNI search on 20 best initial trees
Estimate model parameters (epsilon = 0.100)
BETTER TREE FOUND at iteration 1: -57685.363
Estimate model parameters (epsilon = 0.100)
BETTER TREE FOUND at iteration 5: -57685.331
Iteration 10 / LogL: -57686.292 / Time: 0h:3m:43s
Iteration 20 / LogL: -57699.572 / Time: 0h:4m:44s
Finish initializing candidate tree set (20)
Current best tree score: -57685.331 / CPU time: 159.047
Number of iterations: 20
--------------------------------------------------------------------
|               OPTIMIZING CANDIDATE TREE SET                      |
--------------------------------------------------------------------
Iteration 30 / LogL: -57698.115 / Time: 0h:5m:49s (0h:15m:3s left)
Iteration 40 / LogL: -57685.599 / Time: 0h:6m:56s (0h:11m:34s left)
Iteration 50 / LogL: -57731.783 / Time: 0h:8m:3s (0h:9m:2s left)
Log-likelihood cutoff on original alignment: -57737.431
Iteration 60 / LogL: -57689.973 / Time: 0h:9m:13s (0h:7m:2s left)
Iteration 70 / LogL: -57696.512 / Time: 0h:10m:19s (0h:5m:14s left)
Iteration 80 / LogL: -57733.672 / Time: 0h:11m:30s (0h:3m:38s left)
Iteration 90 / LogL: -57692.048 / Time: 0h:12m:40s (0h:2m:8s left)
Iteration 100 / LogL: -57685.544 / Time: 0h:13m:48s (0h:0m:41s left)
Log-likelihood cutoff on original alignment: -57738.156
NOTE: Bootstrap correlation coefficient of split occurrence frequencies: 0.997
TREE SEARCH COMPLETED AFTER 106 ITERATIONS / Time: 0h:14m:31s

--------------------------------------------------------------------
|                    FINALIZING TREE SEARCH                        |
--------------------------------------------------------------------
Performs final model parameters optimization
Estimate model parameters (epsilon = 0.010)
1. Initial log-likelihood: -57685.331
Optimal log-likelihood: -57685.330
Rate parameters:  A-C: 1.61864  A-G: 10.45514  A-T: 0.60405  C-G: 0.17969  C-T: 13.18677  G-T: 1.00000
Base frequencies:  A: 0.284  C: 0.221  G: 0.235  T: 0.260
Proportion of invariable sites: 0.488
Gamma shape alpha: 0.995
Parameters optimization took 1 rounds (1.089 sec)
BEST SCORE FOUND : -57685.330
Creating bootstrap support values...
Split supports printed to NEXUS file 2023_designation/Alignment/2023_designation_combined_aligned.fasta.splits.nex
Total tree length: 0.969

Total number of iterations: 106
CPU time used for tree search: 743.873 sec (0h:12m:23s)
Wall-clock time used for tree search: 745.366 sec (0h:12m:25s)
Total CPU time used: 871.107 sec (0h:14m:31s)
Total wall-clock time used: 872.763 sec (0h:14m:32s)

Computing bootstrap consensus tree...
Reading input file 2023_designation/Alignment/2023_designation_combined_aligned.fasta.splits.nex...
304 taxa and 1993 splits.
Consensus tree written to 2023_designation/Alignment/2023_designation_combined_aligned.fasta.contree
Reading input trees file 2023_designation/Alignment/2023_designation_combined_aligned.fasta.contree
Log-likelihood of consensus tree: -57686.349

Analysis results written to: 
  IQ-TREE report:                2023_designation/Alignment/2023_designation_combined_aligned.fasta.iqtree
  Maximum-likelihood tree:       2023_designation/Alignment/2023_designation_combined_aligned.fasta.treefile
  Likelihood distances:          2023_designation/Alignment/2023_designation_combined_aligned.fasta.mldist

Ultrafast bootstrap approximation results written to:
  Split support values:          2023_designation/Alignment/2023_designation_combined_aligned.fasta.splits.nex
  Consensus tree:                2023_designation/Alignment/2023_designation_combined_aligned.fasta.contree
  Screen log file:               2023_designation/Alignment/2023_designation_combined_aligned.fasta.log

Date and Time: Tue May 30 09:52:49 2023
